#
# There is insufficient memory for the Java Runtime Environment to continue.
# Native memory allocation (malloc) failed to allocate 1259296 bytes. Error detail: Chunk::new
# Possible reasons:
#   The system is out of physical RAM or swap space
#   This process is running with CompressedOops enabled, and the Java Heap may be blocking the growth of the native heap
# Possible solutions:
#   Reduce memory load on the system
#   Increase physical memory or swap space
#   Check if swap backing store is full
#   Decrease Java heap size (-Xmx/-Xms)
#   Decrease number of Java threads
#   Decrease Java thread stack sizes (-Xss)
#   Set larger code cache with -XX:ReservedCodeCacheSize=
#   JVM is running with Unscaled Compressed Oops mode in which the Java heap is
#     placed in the first 4GB address space. The Java Heap base address is the
#     maximum limit for the native heap growth. Please use -XX:HeapBaseMinAddress
#     to set the Java Heap base and to place the Java Heap above 4GB virtual address.
# This output file may be truncated or incomplete.
#
#  Out of Memory Error (arena.cpp:168), pid=22700, tid=27712
#
# JRE version: OpenJDK Runtime Environment Corretto-21.0.9.10.1 (21.0.9+10) (build 21.0.9+10-LTS)
# Java VM: OpenJDK 64-Bit Server VM Corretto-21.0.9.10.1 (21.0.9+10-LTS, mixed mode, sharing, tiered, compressed oops, compressed class ptrs, serial gc, windows-amd64)
# No core dump will be written. Minidumps are not enabled by default on client versions of Windows
#

---------------  S U M M A R Y ------------

Command Line: -XX:+UseSerialGC -XX:MaxMetaspaceSize=128m --add-opens=java.base/java.util=ALL-UNNAMED --add-opens=java.base/java.lang=ALL-UNNAMED --add-opens=java.base/java.lang.invoke=ALL-UNNAMED --add-opens=java.prefs/java.util.prefs=ALL-UNNAMED --add-opens=java.base/java.nio.charset=ALL-UNNAMED --add-opens=java.base/java.net=ALL-UNNAMED --add-opens=java.base/java.util.concurrent.atomic=ALL-UNNAMED -Xms64m -Xmx256m -Dfile.encoding=UTF-8 -Duser.country=PE -Duser.language=es -Duser.variant -javaagent:C:\Users\ASUS\.gradle\wrapper\dists\gradle-8.7-bin\bhs2wmbdwecv87pi65oeuq5iu\gradle-8.7\lib\agents\gradle-instrumentation-agent-8.7.jar org.gradle.launcher.daemon.bootstrap.GradleDaemon 8.7

Host: 12th Gen Intel(R) Core(TM) i5-12450H, 12 cores, 15G,  Windows 11 , 64 bit Build 26100 (10.0.26100.7920)
Time: Thu Mar 12 23:20:33 2026 Hora est. Pac璗ico, Sudam廨ica elapsed time: 2.044789 seconds (0d 0h 0m 2s)

---------------  T H R E A D  ---------------

Current thread (0x000002be8dd6fa80):  JavaThread "C2 CompilerThread0" daemon [_thread_in_native, id=27712, stack(0x000000ef31d00000,0x000000ef31e00000) (1024K)]


Current CompileTask:
C2:2044 2793       4       java.lang.invoke.MethodType::makeImpl (109 bytes)

Stack: [0x000000ef31d00000,0x000000ef31e00000]
Native frames: (J=compiled Java code, j=interpreted, Vv=VM code, C=native code)
V  [jvm.dll+0x6de6a9]
V  [jvm.dll+0x8bbdeb]
V  [jvm.dll+0x8be37a]
V  [jvm.dll+0x8bea53]
V  [jvm.dll+0x28a1d6]
V  [jvm.dll+0xc8fdd]
V  [jvm.dll+0xc952c]
V  [jvm.dll+0x3c522c]
V  [jvm.dll+0x1ea4ad]
V  [jvm.dll+0x2520c3]
V  [jvm.dll+0x25159c]
V  [jvm.dll+0x1d184e]
V  [jvm.dll+0x26114a]
V  [jvm.dll+0x25f6d5]
V  [jvm.dll+0x3fefbd]
V  [jvm.dll+0x865f4d]
V  [jvm.dll+0x6dcead]
C  [ucrtbase.dll+0x37b0]
C  [KERNEL32.DLL+0x2e8d7]
C  [ntdll.dll+0x8c48c]


---------------  P R O C E S S  ---------------

Threads class SMR info:
_java_thread_list=0x000002beb31f97e0, length=26, elements={
0x000002be8b838e00, 0x000002be8dd4df30, 0x000002be8dd50ef0, 0x000002be8dd60500,
0x000002be8dd63570, 0x000002be8dd64000, 0x000002be8dd67020, 0x000002be8dd6fa80,
0x000002be8dd741e0, 0x000002be8d83f610, 0x000002be8d9394e0, 0x000002be8d96e350,
0x000002bea5b52030, 0x000002beb2f1c550, 0x000002beb3004510, 0x000002beb3077710,
0x000002beb338a190, 0x000002beb3081de0, 0x000002beb3082470, 0x000002beb3083820,
0x000002beb3081750, 0x000002beb3082b00, 0x000002beb3083190, 0x000002beb3083eb0,
0x000002beb3084540, 0x000002beb4d81240
}

Java Threads: ( => current thread )
  0x000002be8b838e00 JavaThread "main"                              [_thread_blocked, id=19124, stack(0x000000ef31400000,0x000000ef31500000) (1024K)]
  0x000002be8dd4df30 JavaThread "Reference Handler"          daemon [_thread_blocked, id=26012, stack(0x000000ef31700000,0x000000ef31800000) (1024K)]
  0x000002be8dd50ef0 JavaThread "Finalizer"                  daemon [_thread_blocked, id=14736, stack(0x000000ef31800000,0x000000ef31900000) (1024K)]
  0x000002be8dd60500 JavaThread "Signal Dispatcher"          daemon [_thread_blocked, id=20788, stack(0x000000ef31900000,0x000000ef31a00000) (1024K)]
  0x000002be8dd63570 JavaThread "Attach Listener"            daemon [_thread_blocked, id=23432, stack(0x000000ef31a00000,0x000000ef31b00000) (1024K)]
  0x000002be8dd64000 JavaThread "Service Thread"             daemon [_thread_blocked, id=11564, stack(0x000000ef31b00000,0x000000ef31c00000) (1024K)]
  0x000002be8dd67020 JavaThread "Monitor Deflation Thread"   daemon [_thread_blocked, id=20800, stack(0x000000ef31c00000,0x000000ef31d00000) (1024K)]
=>0x000002be8dd6fa80 JavaThread "C2 CompilerThread0"         daemon [_thread_in_native, id=27712, stack(0x000000ef31d00000,0x000000ef31e00000) (1024K)]
  0x000002be8dd741e0 JavaThread "C1 CompilerThread0"         daemon [_thread_blocked, id=14740, stack(0x000000ef31e00000,0x000000ef31f00000) (1024K)]
  0x000002be8d83f610 JavaThread "C2 CompilerThread1"         daemon [_thread_in_native, id=3544, stack(0x000000ef31f00000,0x000000ef32000000) (1024K)]
  0x000002be8d9394e0 JavaThread "Common-Cleaner"             daemon [_thread_blocked, id=17056, stack(0x000000ef32000000,0x000000ef32100000) (1024K)]
  0x000002be8d96e350 JavaThread "Notification Thread"        daemon [_thread_blocked, id=1080, stack(0x000000ef32100000,0x000000ef32200000) (1024K)]
  0x000002bea5b52030 JavaThread "Daemon health stats"               [_thread_blocked, id=2860, stack(0x000000ef32200000,0x000000ef32300000) (1024K)]
  0x000002beb2f1c550 JavaThread "Incoming local TCP Connector on port 61660"        [_thread_in_native, id=26596, stack(0x000000ef32300000,0x000000ef32400000) (1024K)]
  0x000002beb3004510 JavaThread "Daemon periodic checks"            [_thread_blocked, id=23856, stack(0x000000ef32400000,0x000000ef32500000) (1024K)]
  0x000002beb3077710 JavaThread "Daemon"                            [_thread_blocked, id=22200, stack(0x000000ef32500000,0x000000ef32600000) (1024K)]
  0x000002beb338a190 JavaThread "Handler for socket connection from /127.0.0.1:61660 to /127.0.0.1:61661"        [_thread_in_native, id=24692, stack(0x000000ef32600000,0x000000ef32700000) (1024K)]
  0x000002beb3081de0 JavaThread "Cancel handler"                    [_thread_blocked, id=11856, stack(0x000000ef32700000,0x000000ef32800000) (1024K)]
  0x000002beb3082470 JavaThread "Daemon worker"                     [_thread_in_Java, id=23628, stack(0x000000ef32800000,0x000000ef32900000) (1024K)]
  0x000002beb3083820 JavaThread "Asynchronous log dispatcher for DefaultDaemonConnection: socket connection from /127.0.0.1:61660 to /127.0.0.1:61661"        [_thread_blocked, id=27704, stack(0x000000ef32900000,0x000000ef32a00000) (1024K)]
  0x000002beb3081750 JavaThread "Stdin handler"                     [_thread_blocked, id=1864, stack(0x000000ef32a00000,0x000000ef32b00000) (1024K)]
  0x000002beb3082b00 JavaThread "Daemon client event forwarder"        [_thread_blocked, id=27568, stack(0x000000ef32b00000,0x000000ef32c00000) (1024K)]
  0x000002beb3083190 JavaThread "Cache worker for journal cache (C:\Users\ASUS\.gradle\caches\journal-1)"        [_thread_blocked, id=13956, stack(0x000000ef32c00000,0x000000ef32d00000) (1024K)]
  0x000002beb3083eb0 JavaThread "File lock request listener"        [_thread_in_native, id=13936, stack(0x000000ef32d00000,0x000000ef32e00000) (1024K)]
  0x000002beb3084540 JavaThread "Cache worker for file hash cache (C:\Users\ASUS\.gradle\caches\8.7\fileHashes)"        [_thread_blocked, id=15408, stack(0x000000ef32e00000,0x000000ef32f00000) (1024K)]
  0x000002beb4d81240 JavaThread "C2 CompilerThread2"         daemon [_thread_in_native, id=11524, stack(0x000000ef32f00000,0x000000ef33000000) (1024K)]
Total: 26

Other Threads:
  0x000002be8dd31dc0 VMThread "VM Thread"                           [id=27260, stack(0x000000ef31600000,0x000000ef31700000) (1024K)]
  0x000002be8d73c8d0 WatcherThread "VM Periodic Task Thread"        [id=18024, stack(0x000000ef31500000,0x000000ef31600000) (1024K)]
Total: 2

Threads with active compile tasks:
C2 CompilerThread0  2059 2793       4       java.lang.invoke.MethodType::makeImpl (109 bytes)
C2 CompilerThread1  2059 2821       4       jdk.internal.org.objectweb.asm.SymbolTable::addConstantMemberReference (147 bytes)
C2 CompilerThread2  2059 2716       4       java.net.URLClassLoader$1::run (5 bytes)
Total: 3

VM state: not at safepoint (normal execution)

VM Mutex/Monitor currently owned by a thread: None

Heap address: 0x00000000f0000000, size: 256 MB, Compressed Oops mode: 32-bit

CDS archive(s) mapped at: [0x000002bea6000000-0x000002bea6c80000-0x000002bea6c80000), size 13107200, SharedBaseAddress: 0x000002bea6000000, ArchiveRelocationMode: 1.
Compressed class space mapped at: 0x000002bea7000000-0x000002beae000000, reserved size: 117440512
Narrow klass base: 0x000002bea6000000, Narrow klass shift: 0, Narrow klass range: 0x100000000

GC Precious Log:
 CardTable entry size: 512
 CPUs: 12 total, 12 available
 Memory: 16005M
 Large Page Support: Disabled
 NUMA Support: Disabled
 Compressed Oops: Enabled (32-bit)
 Heap Min Capacity: 64M
 Heap Initial Capacity: 64M
 Heap Max Capacity: 256M
 Pre-touch: Disabled

Heap:
 def new generation   total 19648K, used 19022K [0x00000000f0000000, 0x00000000f1550000, 0x00000000f5550000)
  eden space 17472K,  97% used [0x00000000f0000000, 0x00000000f1095320, 0x00000000f1110000)
  from space 2176K,  93% used [0x00000000f1110000, 0x00000000f130e7d8, 0x00000000f1330000)
  to   space 2176K,   0% used [0x00000000f1330000, 0x00000000f1330000, 0x00000000f1550000)
 tenured generation   total 43712K, used 17987K [0x00000000f5550000, 0x00000000f8000000, 0x0000000100000000)
   the space 43712K,  41% used [0x00000000f5550000, 0x00000000f66e0ce8, 0x00000000f66e0e00, 0x00000000f8000000)
 Metaspace       used 20710K, committed 21376K, reserved 180224K
  class space    used 3007K, committed 3328K, reserved 114688K

Card table byte_map: [0x000002be8baf0000,0x000002be8bb80000] _byte_map_base: 0x000002be8b370000

Polling page: 0x000002be8b7e0000

Metaspace:

Usage:
  Non-class:     17.29 MB used.
      Class:      2.94 MB used.
       Both:     20.22 MB used.

Virtual space:
  Non-class space:       64.00 MB reserved,      17.62 MB ( 28%) committed,  1 nodes.
      Class space:      112.00 MB reserved,       3.25 MB (  3%) committed,  1 nodes.
             Both:      176.00 MB reserved,      20.88 MB ( 12%) committed. 

Chunk freelists:
   Non-Class:  13.47 MB
       Class:  12.62 MB
        Both:  26.08 MB

MaxMetaspaceSize: 128.00 MB
CompressedClassSpaceSize: 112.00 MB
Initial GC threshold: 21.00 MB
Current GC threshold: 21.00 MB
CDS: on
 - commit_granule_bytes: 65536.
 - commit_granule_words: 8192.
 - virtual_space_node_default_size: 8388608.
 - enlarge_chunks_in_place: 1.
 - use_allocation_guard: 0.


Internal statistics:

num_allocs_failed_limit: 0.
num_arena_births: 908.
num_arena_deaths: 0.
num_vsnodes_births: 2.
num_vsnodes_deaths: 0.
num_space_committed: 334.
num_space_uncommitted: 0.
num_chunks_returned_to_freelist: 0.
num_chunks_taken_from_freelist: 1705.
num_chunk_merges: 0.
num_chunk_splits: 1101.
num_chunks_enlarged: 730.
num_inconsistent_stats: 0.

CodeHeap 'non-profiled nmethods': size=120000Kb used=1430Kb max_used=1430Kb free=118570Kb
 bounds [0x000002be9dea0000, 0x000002be9e110000, 0x000002bea53d0000]
CodeHeap 'profiled nmethods': size=120000Kb used=5580Kb max_used=5580Kb free=114419Kb
 bounds [0x000002be963d0000, 0x000002be96950000, 0x000002be9d900000]
CodeHeap 'non-nmethods': size=5760Kb used=1294Kb max_used=1340Kb free=4465Kb
 bounds [0x000002be9d900000, 0x000002be9db70000, 0x000002be9dea0000]
CodeCache: size=245760Kb, used=8304Kb, max_used=8350Kb, free=237454Kb
 total_blobs=3482, nmethods=2910, adapters=478, full_count=0
Compilation: enabled, stopped_count=0, restarted_count=0

Compilation events (20 events):
Event: 1.838 Thread 0x000002be8dd741e0 2897       3       java.util.concurrent.ConcurrentLinkedQueue::add (6 bytes)
Event: 1.838 Thread 0x000002be8dd741e0 nmethod 2897 0x000002be96935510 code [0x000002be969356c0, 0x000002be96935818]
Event: 1.838 Thread 0x000002be8dd741e0 2902       3       jdk.internal.org.objectweb.asm.MethodWriter::putFrame (549 bytes)
Event: 1.839 Thread 0x000002be8dd741e0 nmethod 2902 0x000002be96935910 code [0x000002be96935da0, 0x000002be96937800]
Event: 1.840 Thread 0x000002be8dd741e0 2899       3       java.lang.invoke.MethodHandle::asFixedArity (23 bytes)
Event: 1.840 Thread 0x000002be8dd741e0 nmethod 2899 0x000002be96938410 code [0x000002be969385a0, 0x000002be969386c0]
Event: 1.840 Thread 0x000002be8dd741e0 2900       3       java.util.LinkedHashMap::values (5 bytes)
Event: 1.840 Thread 0x000002be8dd741e0 nmethod 2900 0x000002be96938790 code [0x000002be96938940, 0x000002be96938a98]
Event: 1.840 Thread 0x000002be8dd741e0 2901       3       java.util.LinkedHashMap::sequencedValues (31 bytes)
Event: 1.840 Thread 0x000002be8dd741e0 nmethod 2901 0x000002be96938b90 code [0x000002be96938d60, 0x000002be96939180]
Event: 1.840 Thread 0x000002be8dd741e0 2905       3       java.lang.invoke.LambdaForm$Name::<init> (52 bytes)
Event: 1.840 Thread 0x000002be8dd741e0 nmethod 2905 0x000002be96939310 code [0x000002be969394e0, 0x000002be969396e8]
Event: 1.843 Thread 0x000002be8dd741e0 2906       3       org.gradle.internal.reflect.MethodSet::add (50 bytes)
Event: 1.844 Thread 0x000002be8dd741e0 nmethod 2906 0x000002be96939810 code [0x000002be96939a40, 0x000002be9693a290]
Event: 1.844 Thread 0x000002be8dd741e0 2908       3       java.util.LinkedHashMap$LinkedValues::iterator (16 bytes)
Event: 1.844 Thread 0x000002be8dd741e0 nmethod 2908 0x000002be9693a510 code [0x000002be9693a6c0, 0x000002be9693a8d8]
Event: 1.844 Thread 0x000002be8dd741e0 2909       3       java.util.LinkedHashMap$LinkedValueIterator::<init> (7 bytes)
Event: 1.844 Thread 0x000002be8dd741e0 nmethod 2909 0x000002be9693aa10 code [0x000002be9693abc0, 0x000002be9693acf8]
Event: 1.844 Thread 0x000002be8dd741e0 2907       3       org.gradle.internal.reflect.MethodSet$MethodKey::<init> (6 bytes)
Event: 1.844 Thread 0x000002be8dd741e0 nmethod 2907 0x000002be9693ad90 code [0x000002be9693af60, 0x000002be9693b390]

GC Heap History (16 events):
Event: 0.220 GC heap before
{Heap before GC invocations=0 (full 0):
 def new generation   total 19648K, used 16299K [0x00000000f0000000, 0x00000000f1550000, 0x00000000f5550000)
  eden space 17472K,  93% used [0x00000000f0000000, 0x00000000f0feafe8, 0x00000000f1110000)
  from space 2176K,   0% used [0x00000000f1110000, 0x00000000f1110000, 0x00000000f1330000)
  to   space 2176K,   0% used [0x00000000f1330000, 0x00000000f1330000, 0x00000000f1550000)
 tenured generation   total 43712K, used 0K [0x00000000f5550000, 0x00000000f8000000, 0x0000000100000000)
   the space 43712K,   0% used [0x00000000f5550000, 0x00000000f5550000, 0x00000000f5550200, 0x00000000f8000000)
 Metaspace       used 1102K, committed 1216K, reserved 180224K
  class space    used 89K, committed 128K, reserved 114688K
}
Event: 0.225 GC heap after
{Heap after GC invocations=1 (full 0):
 def new generation   total 19648K, used 2175K [0x00000000f0000000, 0x00000000f1550000, 0x00000000f5550000)
  eden space 17472K,   0% used [0x00000000f0000000, 0x00000000f0000000, 0x00000000f1110000)
  from space 2176K,  99% used [0x00000000f1330000, 0x00000000f154fff8, 0x00000000f1550000)
  to   space 2176K,   0% used [0x00000000f1110000, 0x00000000f1110000, 0x00000000f1330000)
 tenured generation   total 43712K, used 2207K [0x00000000f5550000, 0x00000000f8000000, 0x0000000100000000)
   the space 43712K,   5% used [0x00000000f5550000, 0x00000000f5777e90, 0x00000000f5778000, 0x00000000f8000000)
 Metaspace       used 1102K, committed 1216K, reserved 180224K
  class space    used 89K, committed 128K, reserved 114688K
}
Event: 0.487 GC heap before
{Heap before GC invocations=1 (full 0):
 def new generation   total 19648K, used 19647K [0x00000000f0000000, 0x00000000f1550000, 0x00000000f5550000)
  eden space 17472K, 100% used [0x00000000f0000000, 0x00000000f1110000, 0x00000000f1110000)
  from space 2176K,  99% used [0x00000000f1330000, 0x00000000f154fff8, 0x00000000f1550000)
  to   space 2176K,   0% used [0x00000000f1110000, 0x00000000f1110000, 0x00000000f1330000)
 tenured generation   total 43712K, used 2207K [0x00000000f5550000, 0x00000000f8000000, 0x0000000100000000)
   the space 43712K,   5% used [0x00000000f5550000, 0x00000000f5777e90, 0x00000000f5778000, 0x00000000f8000000)
 Metaspace       used 4054K, committed 4288K, reserved 180224K
  class space    used 511K, committed 640K, reserved 114688K
}
Event: 0.492 GC heap after
{Heap after GC invocations=2 (full 0):
 def new generation   total 19648K, used 1981K [0x00000000f0000000, 0x00000000f1550000, 0x00000000f5550000)
  eden space 17472K,   0% used [0x00000000f0000000, 0x00000000f0000000, 0x00000000f1110000)
  from space 2176K,  91% used [0x00000000f1110000, 0x00000000f12ff710, 0x00000000f1330000)
  to   space 2176K,   0% used [0x00000000f1330000, 0x00000000f1330000, 0x00000000f1550000)
 tenured generation   total 43712K, used 7823K [0x00000000f5550000, 0x00000000f8000000, 0x0000000100000000)
   the space 43712K,  17% used [0x00000000f5550000, 0x00000000f5cf3de0, 0x00000000f5cf3e00, 0x00000000f8000000)
 Metaspace       used 4054K, committed 4288K, reserved 180224K
  class space    used 511K, committed 640K, reserved 114688K
}
Event: 0.639 GC heap before
{Heap before GC invocations=2 (full 0):
 def new generation   total 19648K, used 19453K [0x00000000f0000000, 0x00000000f1550000, 0x00000000f5550000)
  eden space 17472K, 100% used [0x00000000f0000000, 0x00000000f1110000, 0x00000000f1110000)
  from space 2176K,  91% used [0x00000000f1110000, 0x00000000f12ff710, 0x00000000f1330000)
  to   space 2176K,   0% used [0x00000000f1330000, 0x00000000f1330000, 0x00000000f1550000)
 tenured generation   total 43712K, used 7823K [0x00000000f5550000, 0x00000000f8000000, 0x0000000100000000)
   the space 43712K,  17% used [0x00000000f5550000, 0x00000000f5cf3de0, 0x00000000f5cf3e00, 0x00000000f8000000)
 Metaspace       used 4146K, committed 4352K, reserved 180224K
  class space    used 511K, committed 640K, reserved 114688K
}
Event: 0.641 GC heap after
{Heap after GC invocations=3 (full 0):
 def new generation   total 19648K, used 356K [0x00000000f0000000, 0x00000000f1550000, 0x00000000f5550000)
  eden space 17472K,   0% used [0x00000000f0000000, 0x00000000f0000000, 0x00000000f1110000)
  from space 2176K,  16% used [0x00000000f1330000, 0x00000000f1389068, 0x00000000f1550000)
  to   space 2176K,   0% used [0x00000000f1110000, 0x00000000f1110000, 0x00000000f1330000)
 tenured generation   total 43712K, used 9773K [0x00000000f5550000, 0x00000000f8000000, 0x0000000100000000)
   the space 43712K,  22% used [0x00000000f5550000, 0x00000000f5edb5f0, 0x00000000f5edb600, 0x00000000f8000000)
 Metaspace       used 4146K, committed 4352K, reserved 180224K
  class space    used 511K, committed 640K, reserved 114688K
}
Event: 0.735 GC heap before
{Heap before GC invocations=3 (full 0):
 def new generation   total 19648K, used 17828K [0x00000000f0000000, 0x00000000f1550000, 0x00000000f5550000)
  eden space 17472K, 100% used [0x00000000f0000000, 0x00000000f1110000, 0x00000000f1110000)
  from space 2176K,  16% used [0x00000000f1330000, 0x00000000f1389068, 0x00000000f1550000)
  to   space 2176K,   0% used [0x00000000f1110000, 0x00000000f1110000, 0x00000000f1330000)
 tenured generation   total 43712K, used 9773K [0x00000000f5550000, 0x00000000f8000000, 0x0000000100000000)
   the space 43712K,  22% used [0x00000000f5550000, 0x00000000f5edb5f0, 0x00000000f5edb600, 0x00000000f8000000)
 Metaspace       used 4358K, committed 4544K, reserved 180224K
  class space    used 531K, committed 640K, reserved 114688K
}
Event: 0.737 GC heap after
{Heap after GC invocations=4 (full 0):
 def new generation   total 19648K, used 2176K [0x00000000f0000000, 0x00000000f1550000, 0x00000000f5550000)
  eden space 17472K,   0% used [0x00000000f0000000, 0x00000000f0000000, 0x00000000f1110000)
  from space 2176K, 100% used [0x00000000f1110000, 0x00000000f1330000, 0x00000000f1330000)
  to   space 2176K,   0% used [0x00000000f1330000, 0x00000000f1330000, 0x00000000f1550000)
 tenured generation   total 43712K, used 11862K [0x00000000f5550000, 0x00000000f8000000, 0x0000000100000000)
   the space 43712K,  27% used [0x00000000f5550000, 0x00000000f60e59c0, 0x00000000f60e5a00, 0x00000000f8000000)
 Metaspace       used 4358K, committed 4544K, reserved 180224K
  class space    used 531K, committed 640K, reserved 114688K
}
Event: 0.985 GC heap before
{Heap before GC invocations=4 (full 0):
 def new generation   total 19648K, used 19648K [0x00000000f0000000, 0x00000000f1550000, 0x00000000f5550000)
  eden space 17472K, 100% used [0x00000000f0000000, 0x00000000f1110000, 0x00000000f1110000)
  from space 2176K, 100% used [0x00000000f1110000, 0x00000000f1330000, 0x00000000f1330000)
  to   space 2176K,   0% used [0x00000000f1330000, 0x00000000f1330000, 0x00000000f1550000)
 tenured generation   total 43712K, used 11862K [0x00000000f5550000, 0x00000000f8000000, 0x0000000100000000)
   the space 43712K,  27% used [0x00000000f5550000, 0x00000000f60e59c0, 0x00000000f60e5a00, 0x00000000f8000000)
 Metaspace       used 8393K, committed 8704K, reserved 180224K
  class space    used 1119K, committed 1280K, reserved 114688K
}
Event: 0.990 GC heap after
{Heap after GC invocations=5 (full 0):
 def new generation   total 19648K, used 2175K [0x00000000f0000000, 0x00000000f1550000, 0x00000000f5550000)
  eden space 17472K,   0% used [0x00000000f0000000, 0x00000000f0000000, 0x00000000f1110000)
  from space 2176K,  99% used [0x00000000f1330000, 0x00000000f154fff8, 0x00000000f1550000)
  to   space 2176K,   0% used [0x00000000f1110000, 0x00000000f1110000, 0x00000000f1330000)
 tenured generation   total 43712K, used 14122K [0x00000000f5550000, 0x00000000f8000000, 0x0000000100000000)
   the space 43712K,  32% used [0x00000000f5550000, 0x00000000f631abb8, 0x00000000f631ac00, 0x00000000f8000000)
 Metaspace       used 8393K, committed 8704K, reserved 180224K
  class space    used 1119K, committed 1280K, reserved 114688K
}
Event: 1.274 GC heap before
{Heap before GC invocations=5 (full 0):
 def new generation   total 19648K, used 19647K [0x00000000f0000000, 0x00000000f1550000, 0x00000000f5550000)
  eden space 17472K, 100% used [0x00000000f0000000, 0x00000000f1110000, 0x00000000f1110000)
  from space 2176K,  99% used [0x00000000f1330000, 0x00000000f154fff8, 0x00000000f1550000)
  to   space 2176K,   0% used [0x00000000f1110000, 0x00000000f1110000, 0x00000000f1330000)
 tenured generation   total 43712K, used 14122K [0x00000000f5550000, 0x00000000f8000000, 0x0000000100000000)
   the space 43712K,  32% used [0x00000000f5550000, 0x00000000f631abb8, 0x00000000f631ac00, 0x00000000f8000000)
 Metaspace       used 12762K, committed 13120K, reserved 180224K
  class space    used 1696K, committed 1856K, reserved 114688K
}
Event: 1.280 GC heap after
{Heap after GC invocations=6 (full 0):
 def new generation   total 19648K, used 1768K [0x00000000f0000000, 0x00000000f1550000, 0x00000000f5550000)
  eden space 17472K,   0% used [0x00000000f0000000, 0x00000000f0000000, 0x00000000f1110000)
  from space 2176K,  81% used [0x00000000f1110000, 0x00000000f12ca0d8, 0x00000000f1330000)
  to   space 2176K,   0% used [0x00000000f1330000, 0x00000000f1330000, 0x00000000f1550000)
 tenured generation   total 43712K, used 16271K [0x00000000f5550000, 0x00000000f8000000, 0x0000000100000000)
   the space 43712K,  37% used [0x00000000f5550000, 0x00000000f6533dd0, 0x00000000f6533e00, 0x00000000f8000000)
 Metaspace       used 12762K, committed 13120K, reserved 180224K
  class space    used 1696K, committed 1856K, reserved 114688K
}
Event: 1.454 GC heap before
{Heap before GC invocations=6 (full 0):
 def new generation   total 19648K, used 19240K [0x00000000f0000000, 0x00000000f1550000, 0x00000000f5550000)
  eden space 17472K, 100% used [0x00000000f0000000, 0x00000000f1110000, 0x00000000f1110000)
  from space 2176K,  81% used [0x00000000f1110000, 0x00000000f12ca0d8, 0x00000000f1330000)
  to   space 2176K,   0% used [0x00000000f1330000, 0x00000000f1330000, 0x00000000f1550000)
 tenured generation   total 43712K, used 16271K [0x00000000f5550000, 0x00000000f8000000, 0x0000000100000000)
   the space 43712K,  37% used [0x00000000f5550000, 0x00000000f6533dd0, 0x00000000f6533e00, 0x00000000f8000000)
 Metaspace       used 15965K, committed 16448K, reserved 180224K
  class space    used 2186K, committed 2432K, reserved 114688K
}
Event: 1.459 GC heap after
{Heap after GC invocations=7 (full 0):
 def new generation   total 19648K, used 916K [0x00000000f0000000, 0x00000000f1550000, 0x00000000f5550000)
  eden space 17472K,   0% used [0x00000000f0000000, 0x00000000f0000000, 0x00000000f1110000)
  from space 2176K,  42% used [0x00000000f1330000, 0x00000000f1415308, 0x00000000f1550000)
  to   space 2176K,   0% used [0x00000000f1110000, 0x00000000f1110000, 0x00000000f1330000)
 tenured generation   total 43712K, used 17987K [0x00000000f5550000, 0x00000000f8000000, 0x0000000100000000)
   the space 43712K,  41% used [0x00000000f5550000, 0x00000000f66e0ce8, 0x00000000f66e0e00, 0x00000000f8000000)
 Metaspace       used 15965K, committed 16448K, reserved 180224K
  class space    used 2186K, committed 2432K, reserved 114688K
}
Event: 1.649 GC heap before
{Heap before GC invocations=7 (full 0):
 def new generation   total 19648K, used 18388K [0x00000000f0000000, 0x00000000f1550000, 0x00000000f5550000)
  eden space 17472K, 100% used [0x00000000f0000000, 0x00000000f1110000, 0x00000000f1110000)
  from space 2176K,  42% used [0x00000000f1330000, 0x00000000f1415308, 0x00000000f1550000)
  to   space 2176K,   0% used [0x00000000f1110000, 0x00000000f1110000, 0x00000000f1330000)
 tenured generation   total 43712K, used 17987K [0x00000000f5550000, 0x00000000f8000000, 0x0000000100000000)
   the space 43712K,  41% used [0x00000000f5550000, 0x00000000f66e0ce8, 0x00000000f66e0e00, 0x00000000f8000000)
 Metaspace       used 18453K, committed 19008K, reserved 180224K
  class space    used 2631K, committed 2880K, reserved 114688K
}
Event: 1.652 GC heap after
{Heap after GC invocations=8 (full 0):
 def new generation   total 19648K, used 2041K [0x00000000f0000000, 0x00000000f1550000, 0x00000000f5550000)
  eden space 17472K,   0% used [0x00000000f0000000, 0x00000000f0000000, 0x00000000f1110000)
  from space 2176K,  93% used [0x00000000f1110000, 0x00000000f130e7d8, 0x00000000f1330000)
  to   space 2176K,   0% used [0x00000000f1330000, 0x00000000f1330000, 0x00000000f1550000)
 tenured generation   total 43712K, used 17987K [0x00000000f5550000, 0x00000000f8000000, 0x0000000100000000)
   the space 43712K,  41% used [0x00000000f5550000, 0x00000000f66e0ce8, 0x00000000f66e0e00, 0x00000000f8000000)
 Metaspace       used 18453K, committed 19008K, reserved 180224K
  class space    used 2631K, committed 2880K, reserved 114688K
}

Dll operation events (15 events):
Event: 0.006 Loaded shared library C:\Users\ASUS\.jdks\corretto-21.0.9\bin\java.dll
Event: 0.024 Loaded shared library C:\Users\ASUS\.jdks\corretto-21.0.9\bin\jsvml.dll
Event: 0.046 Loaded shared library C:\Users\ASUS\.jdks\corretto-21.0.9\bin\zip.dll
Event: 0.047 Loaded shared library C:\Users\ASUS\.jdks\corretto-21.0.9\bin\instrument.dll
Event: 0.050 Loaded shared library C:\Users\ASUS\.jdks\corretto-21.0.9\bin\net.dll
Event: 0.051 Loaded shared library C:\Users\ASUS\.jdks\corretto-21.0.9\bin\nio.dll
Event: 0.054 Loaded shared library C:\Users\ASUS\.jdks\corretto-21.0.9\bin\zip.dll
Event: 0.164 Loaded shared library C:\Users\ASUS\.jdks\corretto-21.0.9\bin\jimage.dll
Event: 0.200 Loaded shared library C:\Users\ASUS\.jdks\corretto-21.0.9\bin\verify.dll
Event: 0.352 Loaded shared library C:\Users\ASUS\.gradle\native\c067742578af261105cb4f569cf0c3c89f3d7b1fecec35dd04571415982c5e48\windows-amd64\native-platform.dll
Event: 0.371 Loaded shared library C:\Users\ASUS\.gradle\native\38dada09dfb8b06ba9b0570ebf7e218e3eb74d4ef43ca46872605cf95ebc2f47\windows-amd64\native-platform-file-events.dll
Event: 0.864 Loaded shared library C:\Users\ASUS\.jdks\corretto-21.0.9\bin\management.dll
Event: 0.865 Loaded shared library C:\Users\ASUS\.jdks\corretto-21.0.9\bin\management_ext.dll
Event: 0.960 Loaded shared library C:\Users\ASUS\.jdks\corretto-21.0.9\bin\extnet.dll
Event: 1.057 Loaded shared library C:\Users\ASUS\.jdks\corretto-21.0.9\bin\sunmscapi.dll

Deoptimization events (20 events):
Event: 1.461 Thread 0x000002beb3082470 DEOPT PACKING pc=0x000002be9dfa59ec sp=0x000000ef328fcb80
Event: 1.461 Thread 0x000002beb3082470 DEOPT UNPACKING pc=0x000002be9d953aa2 sp=0x000000ef328fcae0 mode 2
Event: 1.480 Thread 0x000002beb3082470 Uncommon trap: trap_request=0xffffff45 fr.pc=0x000002be9df437c4 relative=0x0000000000000584
Event: 1.480 Thread 0x000002beb3082470 Uncommon trap: reason=unstable_if action=reinterpret pc=0x000002be9df437c4 method=java.util.ArrayList.grow(I)[Ljava/lang/Object; @ 17 c2
Event: 1.480 Thread 0x000002beb3082470 DEOPT PACKING pc=0x000002be9df437c4 sp=0x000000ef328fd7c0
Event: 1.480 Thread 0x000002beb3082470 DEOPT UNPACKING pc=0x000002be9d953aa2 sp=0x000000ef328fd658 mode 2
Event: 1.579 Thread 0x000002beb3082470 DEOPT PACKING pc=0x000002be967cd535 sp=0x000000ef328fc7c0
Event: 1.579 Thread 0x000002beb3082470 DEOPT UNPACKING pc=0x000002be9d954242 sp=0x000000ef328fbcd0 mode 0
Event: 1.605 Thread 0x000002beb3082470 DEOPT PACKING pc=0x000002be967cd556 sp=0x000000ef328fc350
Event: 1.605 Thread 0x000002beb3082470 DEOPT UNPACKING pc=0x000002be9d954242 sp=0x000000ef328fb860 mode 0
Event: 1.621 Thread 0x000002beb3082470 DEOPT PACKING pc=0x000002be967cd37e sp=0x000000ef328f7620
Event: 1.621 Thread 0x000002beb3082470 DEOPT UNPACKING pc=0x000002be9d954242 sp=0x000000ef328f6b20 mode 0
Event: 1.626 Thread 0x000002beb3082470 DEOPT PACKING pc=0x000002be967cd556 sp=0x000000ef328f8c90
Event: 1.626 Thread 0x000002beb3082470 DEOPT UNPACKING pc=0x000002be9d954242 sp=0x000000ef328f81a0 mode 0
Event: 1.635 Thread 0x000002beb3082470 DEOPT PACKING pc=0x000002be967cd556 sp=0x000000ef328fbda0
Event: 1.635 Thread 0x000002beb3082470 DEOPT UNPACKING pc=0x000002be9d954242 sp=0x000000ef328fb2b0 mode 0
Event: 1.788 Thread 0x000002beb3082470 Uncommon trap: trap_request=0xffffff45 fr.pc=0x000002be9dfab4c8 relative=0x00000000000001e8
Event: 1.788 Thread 0x000002beb3082470 Uncommon trap: reason=unstable_if action=reinterpret pc=0x000002be9dfab4c8 method=java.util.HashMap.getNode(Ljava/lang/Object;)Ljava/util/HashMap$Node; @ 131 c2
Event: 1.788 Thread 0x000002beb3082470 DEOPT PACKING pc=0x000002be9dfab4c8 sp=0x000000ef328fbbf0
Event: 1.788 Thread 0x000002beb3082470 DEOPT UNPACKING pc=0x000002be9d953aa2 sp=0x000000ef328fbb10 mode 2

Classes loaded (20 events):
Event: 1.506 Loading class java/lang/invoke/BoundMethodHandle$Species_LLLLLLLLLLLLLLLLLLLLLLL
Event: 1.506 Loading class java/lang/invoke/BoundMethodHandle$Species_LLLLLLLLLLLLLLLLLLLLLLL done
Event: 1.528 Loading class java/util/Collections$2
Event: 1.528 Loading class java/util/Collections$2 done
Event: 1.584 Loading class java/util/function/LongFunction
Event: 1.584 Loading class java/util/function/LongFunction done
Event: 1.603 Loading class java/security/InvalidKeyException
Event: 1.603 Loading class java/security/KeyException
Event: 1.603 Loading class java/security/KeyException done
Event: 1.603 Loading class java/security/InvalidKeyException done
Event: 1.752 Loading class javax/xml/parsers/ParserConfigurationException
Event: 1.752 Loading class javax/xml/parsers/ParserConfigurationException done
Event: 1.752 Loading class org/xml/sax/SAXException
Event: 1.753 Loading class org/xml/sax/SAXException done
Event: 1.753 Loading class javax/xml/xpath/XPathExpressionException
Event: 1.753 Loading class javax/xml/xpath/XPathException
Event: 1.753 Loading class javax/xml/xpath/XPathException done
Event: 1.753 Loading class javax/xml/xpath/XPathExpressionException done
Event: 1.753 Loading class org/xml/sax/ErrorHandler
Event: 1.753 Loading class org/xml/sax/ErrorHandler done

Classes unloaded (0 events):
No events

Classes redefined (0 events):
No events

Internal exceptions (20 events):
Event: 1.498 Thread 0x000002beb3082470 Exception <a 'java/lang/NoSuchMethodError'{0x00000000f0405050}: 'java.lang.Object java.lang.invoke.DirectMethodHandle$Holder.invokeStatic(java.lang.Object, java.lang.Object, java.lang.Object, java.lang.Object, java.lang.Object, java.lang.Object, java.lang.Object, java.lang.Object, java.lang.Object, java.lang.Object, java.lang.Object, java.lang.Object, java.lang.Object, java.lang.Object, java.lang.Object, java.lang.Object, java.lang.Object, java.lang.Object)'> (0x00000000f0405050) 
thrown [s\src\hotspot\sha
Event: 1.499 Thread 0x000002beb3082470 Exception <a 'java/lang/NoSuchMethodError'{0x00000000f042f368}: 'java.lang.Object java.lang.invoke.DirectMethodHandle$Holder.invokeStatic(java.lang.Object, java.lang.Object, java.lang.Object, java.lang.Object, java.lang.Object, java.lang.Object, java.lang.Object, java.lang.Object, java.lang.Object, java.lang.Object, java.lang.Object, java.lang.Object, java.lang.Object, java.lang.Object, java.lang.Object, java.lang.Object, java.lang.Object, java.lang.Object, java.lang.Object)'> (0x00000000f042f368) 
thrown 
Event: 1.500 Thread 0x000002beb3082470 Exception <a 'java/lang/NoSuchMethodError'{0x00000000f045aaa0}: 'java.lang.Object java.lang.invoke.DirectMethodHandle$Holder.invokeStatic(java.lang.Object, java.lang.Object, java.lang.Object, java.lang.Object, java.lang.Object, java.lang.Object, java.lang.Object, java.lang.Object, java.lang.Object, java.lang.Object, java.lang.Object, java.lang.Object, java.lang.Object, java.lang.Object, java.lang.Object, java.lang.Object, java.lang.Object, java.lang.Object, java.lang.Object, java.lang.Object)'> (0x00000000
Event: 1.501 Thread 0x000002beb3082470 Exception <a 'java/lang/NoSuchMethodError'{0x00000000f04875d0}: 'java.lang.Object java.lang.invoke.DirectMethodHandle$Holder.invokeStatic(java.lang.Object, java.lang.Object, java.lang.Object, java.lang.Object, java.lang.Object, java.lang.Object, java.lang.Object, java.lang.Object, java.lang.Object, java.lang.Object, java.lang.Object, java.lang.Object, java.lang.Object, java.lang.Object, java.lang.Object, java.lang.Object, java.lang.Object, java.lang.Object, java.lang.Object, java.lang.Object, java.lang.Obj
Event: 1.502 Thread 0x000002beb3082470 Exception <a 'java/lang/NoSuchMethodError'{0x00000000f04b4db0}: 'java.lang.Object java.lang.invoke.DirectMethodHandle$Holder.invokeStatic(java.lang.Object, java.lang.Object, java.lang.Object, java.lang.Object, java.lang.Object, java.lang.Object, java.lang.Object, java.lang.Object, java.lang.Object, java.lang.Object, java.lang.Object, java.lang.Object, java.lang.Object, java.lang.Object, java.lang.Object, java.lang.Object, java.lang.Object, java.lang.Object, java.lang.Object, java.lang.Object, java.lang.Obj
Event: 1.503 Thread 0x000002beb3082470 Exception <a 'java/lang/NoSuchMethodError'{0x00000000f04e32e8}: 'java.lang.Object java.lang.invoke.DirectMethodHandle$Holder.invokeStatic(java.lang.Object, java.lang.Object, java.lang.Object, java.lang.Object, java.lang.Object, java.lang.Object, java.lang.Object, java.lang.Object, java.lang.Object, java.lang.Object, java.lang.Object, java.lang.Object, java.lang.Object, java.lang.Object, java.lang.Object, java.lang.Object, java.lang.Object, java.lang.Object, java.lang.Object, java.lang.Object, java.lang.Obj
Event: 1.504 Thread 0x000002beb3082470 Exception <a 'java/lang/NoSuchMethodError'{0x00000000f0512798}: 'java.lang.Object java.lang.invoke.DirectMethodHandle$Holder.invokeStatic(java.lang.Object, java.lang.Object, java.lang.Object, java.lang.Object, java.lang.Object, java.lang.Object, java.lang.Object, java.lang.Object, java.lang.Object, java.lang.Object, java.lang.Object, java.lang.Object, java.lang.Object, java.lang.Object, java.lang.Object, java.lang.Object, java.lang.Object, java.lang.Object, java.lang.Object, java.lang.Object, java.lang.Obj
Event: 1.505 Thread 0x000002beb3082470 Exception <a 'java/lang/NoSuchMethodError'{0x00000000f05427d0}: 'java.lang.Object java.lang.invoke.DirectMethodHandle$Holder.invokeStatic(java.lang.Object, java.lang.Object, java.lang.Object, java.lang.Object, java.lang.Object, java.lang.Object, java.lang.Object, java.lang.Object, java.lang.Object, java.lang.Object, java.lang.Object, java.lang.Object, java.lang.Object, java.lang.Object, java.lang.Object, java.lang.Object, java.lang.Object, java.lang.Object, java.lang.Object, java.lang.Object, java.lang.Obj
Event: 1.506 Thread 0x000002beb3082470 Exception <a 'java/lang/NoSuchMethodError'{0x00000000f05742b0}: 'java.lang.Object java.lang.invoke.DirectMethodHandle$Holder.invokeStatic(java.lang.Object, java.lang.Object, java.lang.Object, java.lang.Object, java.lang.Object, java.lang.Object, java.lang.Object, java.lang.Object, java.lang.Object, java.lang.Object, java.lang.Object, java.lang.Object, java.lang.Object, java.lang.Object, java.lang.Object, java.lang.Object, java.lang.Object, java.lang.Object, java.lang.Object, java.lang.Object, java.lang.Obj
Event: 1.520 Thread 0x000002beb3082470 Exception <a 'java/lang/IncompatibleClassChangeError'{0x00000000f0684a20}: Found class java.lang.Object, but interface was expected> (0x00000000f0684a20) 
thrown [s\src\hotspot\share\interpreter\linkResolver.cpp, line 840]
Event: 1.633 Thread 0x000002beb3082470 Exception <a 'java/lang/IncompatibleClassChangeError'{0x00000000f0f92608}: Found class java.lang.Object, but interface was expected> (0x00000000f0f92608) 
thrown [s\src\hotspot\share\interpreter\linkResolver.cpp, line 840]
Event: 1.636 Thread 0x000002beb3082470 Exception <a 'java/lang/NoSuchMethodError'{0x00000000f0fc5a18}: 'java.lang.Object java.lang.invoke.DirectMethodHandle$Holder.newInvokeSpecial(java.lang.Object, java.lang.Object, java.lang.Object, java.lang.Object, java.lang.Object, java.lang.Object, java.lang.Object, java.lang.Object, java.lang.Object, java.lang.Object, java.lang.Object, java.lang.Object, java.lang.Object, java.lang.Object)'> (0x00000000f0fc5a18) 
thrown [s\src\hotspot\share\interpreter\linkResolver.cpp, line 773]
Event: 1.637 Thread 0x000002beb3082470 Exception <a 'java/lang/NoSuchMethodError'{0x00000000f0fcb430}: 'java.lang.Object java.lang.invoke.DirectMethodHandle$Holder.invokeSpecial(java.lang.Object, java.lang.Object, java.lang.Object, java.lang.Object, java.lang.Object, java.lang.Object, java.lang.Object, java.lang.Object, java.lang.Object, java.lang.Object, java.lang.Object, java.lang.Object, java.lang.Object, java.lang.Object, java.lang.Object)'> (0x00000000f0fcb430) 
thrown [s\src\hotspot\share\interpreter\linkResolver.cpp, line 773]
Event: 1.637 Thread 0x000002beb3082470 Exception <a 'java/lang/NoSuchMethodError'{0x00000000f0fcfd90}: 'java.lang.Object java.lang.invoke.DelegatingMethodHandle$Holder.reinvoke_L(java.lang.Object, java.lang.Object, java.lang.Object, java.lang.Object, java.lang.Object, java.lang.Object, java.lang.Object, java.lang.Object, java.lang.Object, java.lang.Object, java.lang.Object, java.lang.Object, java.lang.Object, java.lang.Object)'> (0x00000000f0fcfd90) 
thrown [s\src\hotspot\share\interpreter\linkResolver.cpp, line 773]
Event: 1.648 Thread 0x000002beb3082470 Exception <a 'java/lang/NoSuchMethodError'{0x00000000f10fce90}: 'java.lang.Object java.lang.invoke.DirectMethodHandle$Holder.newInvokeSpecial(java.lang.Object, java.lang.Object, java.lang.Object, java.lang.Object, java.lang.Object, java.lang.Object, java.lang.Object)'> (0x00000000f10fce90) 
thrown [s\src\hotspot\share\interpreter\linkResolver.cpp, line 773]
Event: 1.660 Thread 0x000002beb3082470 Exception <a 'java/lang/NoSuchMethodError'{0x00000000f0064ee8}: 'java.lang.Object java.lang.invoke.DirectMethodHandle$Holder.invokeVirtual(java.lang.Object, java.lang.Object, java.lang.Object, java.lang.Object, java.lang.Object, java.lang.Object, java.lang.Object, java.lang.Object, java.lang.Object, java.lang.Object, java.lang.Object, java.lang.Object, java.lang.Object, java.lang.Object, java.lang.Object, java.lang.Object, java.lang.Object, java.lang.Object, java.lang.Object, java.lang.Object, java.lang.Ob
Event: 1.660 Thread 0x000002beb3082470 Exception <a 'java/lang/NoSuchMethodError'{0x00000000f006b588}: 'java.lang.Object java.lang.invoke.DirectMethodHandle$Holder.invokeSpecial(java.lang.Object, java.lang.Object, java.lang.Object, java.lang.Object, java.lang.Object, java.lang.Object, java.lang.Object, java.lang.Object, java.lang.Object, java.lang.Object, java.lang.Object, java.lang.Object, java.lang.Object, java.lang.Object, java.lang.Object, java.lang.Object, java.lang.Object, java.lang.Object, java.lang.Object, java.lang.Object, java.lang.Ob
Event: 1.660 Thread 0x000002beb3082470 Exception <a 'java/lang/NoSuchMethodError'{0x00000000f0070fb0}: 'java.lang.Object java.lang.invoke.DelegatingMethodHandle$Holder.reinvoke_L(java.lang.Object, java.lang.Object, java.lang.Object, java.lang.Object, java.lang.Object, java.lang.Object, java.lang.Object, java.lang.Object, java.lang.Object, java.lang.Object, java.lang.Object, java.lang.Object, java.lang.Object, java.lang.Object, java.lang.Object, java.lang.Object, java.lang.Object, java.lang.Object, java.lang.Object, java.lang.Object, java.lang.O
Event: 1.713 Thread 0x000002beb3082470 Exception <a 'java/lang/NoSuchMethodError'{0x00000000f0502380}: 'java.lang.Object java.lang.invoke.DirectMethodHandle$Holder.invokeSpecial(java.lang.Object, java.lang.Object, java.lang.Object, java.lang.Object, java.lang.Object, java.lang.Object, java.lang.Object, java.lang.Object, java.lang.Object, java.lang.Object, java.lang.Object, java.lang.Object, java.lang.Object, java.lang.Object, java.lang.Object, java.lang.Object, java.lang.Object, java.lang.Object, java.lang.Object, java.lang.Object, java.lang.Ob
Event: 1.839 Thread 0x000002beb3082470 Exception <a 'java/lang/NoSuchMethodError'{0x00000000f0ee6f50}: 'java.lang.Object java.lang.invoke.DirectMethodHandle$Holder.invokeVirtual(java.lang.Object, java.lang.Object, java.lang.Object, java.lang.Object, java.lang.Object, java.lang.Object, java.lang.Object, java.lang.Object, java.lang.Object, java.lang.Object, java.lang.Object)'> (0x00000000f0ee6f50) 
thrown [s\src\hotspot\share\interpreter\linkResolver.cpp, line 773]

ZGC Phase Switch (0 events):
No events

VM Operations (20 events):
Event: 0.985 Executing VM operation: GenCollectForAllocation (Allocation Failure)
Event: 0.990 Executing VM operation: GenCollectForAllocation (Allocation Failure) done
Event: 1.003 Executing VM operation: HandshakeAllThreads (Deoptimize)
Event: 1.003 Executing VM operation: HandshakeAllThreads (Deoptimize) done
Event: 1.046 Executing VM operation: HandshakeAllThreads (Deoptimize)
Event: 1.046 Executing VM operation: HandshakeAllThreads (Deoptimize) done
Event: 1.274 Executing VM operation: GenCollectForAllocation (Allocation Failure)
Event: 1.280 Executing VM operation: GenCollectForAllocation (Allocation Failure) done
Event: 1.317 Executing VM operation: HandshakeAllThreads (Deoptimize)
Event: 1.317 Executing VM operation: HandshakeAllThreads (Deoptimize) done
Event: 1.388 Executing VM operation: HandshakeAllThreads (Deoptimize)
Event: 1.388 Executing VM operation: HandshakeAllThreads (Deoptimize) done
Event: 1.454 Executing VM operation: GenCollectForAllocation (Allocation Failure)
Event: 1.459 Executing VM operation: GenCollectForAllocation (Allocation Failure) done
Event: 1.512 Executing VM operation: HandshakeAllThreads (Deoptimize)
Event: 1.512 Executing VM operation: HandshakeAllThreads (Deoptimize) done
Event: 1.512 Executing VM operation: HandshakeAllThreads (Deoptimize)
Event: 1.512 Executing VM operation: HandshakeAllThreads (Deoptimize) done
Event: 1.649 Executing VM operation: GenCollectForAllocation (Allocation Failure)
Event: 1.652 Executing VM operation: GenCollectForAllocation (Allocation Failure) done

Memory protections (0 events):
No events

Nmethod flushes (0 events):
No events

Events (20 events):
Event: 0.023 Thread 0x000002be8b838e00 Thread added: 0x000002be8dd67020
Event: 0.023 Thread 0x000002be8b838e00 Thread added: 0x000002be8dd6fa80
Event: 0.023 Thread 0x000002be8b838e00 Thread added: 0x000002be8dd741e0
Event: 0.041 Thread 0x000002be8dd6fa80 Thread added: 0x000002be8d83f610
Event: 0.048 Thread 0x000002be8b838e00 Thread added: 0x000002be8d9394e0
Event: 0.063 Thread 0x000002be8b838e00 Thread added: 0x000002be8d96e350
Event: 0.883 Thread 0x000002be8b838e00 Thread added: 0x000002bea5b52030
Event: 0.983 Thread 0x000002be8b838e00 Thread added: 0x000002beb2f1c550
Event: 1.030 Thread 0x000002be8b838e00 Thread added: 0x000002beb3004510
Event: 1.071 Thread 0x000002beb2f1c550 Thread added: 0x000002beb3077710
Event: 1.072 Thread 0x000002beb3077710 Thread added: 0x000002beb338a190
Event: 1.151 Thread 0x000002beb3077710 Thread added: 0x000002beb3081de0
Event: 1.156 Thread 0x000002beb3077710 Thread added: 0x000002beb3082470
Event: 1.180 Thread 0x000002beb3082470 Thread added: 0x000002beb3083820
Event: 1.181 Thread 0x000002beb3082470 Thread added: 0x000002beb3081750
Event: 1.183 Thread 0x000002beb3082470 Thread added: 0x000002beb3082b00
Event: 1.388 Thread 0x000002beb3082470 Thread added: 0x000002beb3083190
Event: 1.392 Thread 0x000002beb3082470 Thread added: 0x000002beb3083eb0
Event: 1.408 Thread 0x000002beb3082470 Thread added: 0x000002beb3084540
Event: 1.648 Thread 0x000002be8dd741e0 Thread added: 0x000002beb4d81240


Dynamic libraries:
0x00007ff730980000 - 0x00007ff73098e000 	C:\Users\ASUS\.jdks\corretto-21.0.9\bin\java.exe
0x00007ff91fe60000 - 0x00007ff9200c7000 	C:\WINDOWS\SYSTEM32\ntdll.dll
0x00007ff91ecd0000 - 0x00007ff91ed99000 	C:\WINDOWS\System32\KERNEL32.DLL
0x00007ff91d570000 - 0x00007ff91d961000 	C:\WINDOWS\System32\KERNELBASE.dll
0x00007ff91d970000 - 0x00007ff91dabb000 	C:\WINDOWS\System32\ucrtbase.dll
0x00007ff8cd740000 - 0x00007ff8cd758000 	C:\Users\ASUS\.jdks\corretto-21.0.9\bin\jli.dll
0x00007ff8c97c0000 - 0x00007ff8c97de000 	C:\Users\ASUS\.jdks\corretto-21.0.9\bin\VCRUNTIME140.dll
0x00007ff91dd00000 - 0x00007ff91dec5000 	C:\WINDOWS\System32\USER32.dll
0x00007ff8ffcd0000 - 0x00007ff8fff63000 	C:\WINDOWS\WinSxS\amd64_microsoft.windows.common-controls_6595b64144ccf1df_6.0.26100.8037_none_3e092faae333b53b\COMCTL32.dll
0x00007ff91cc10000 - 0x00007ff91cc37000 	C:\WINDOWS\System32\win32u.dll
0x00007ff91e760000 - 0x00007ff91e809000 	C:\WINDOWS\System32\msvcrt.dll
0x00007ff91eda0000 - 0x00007ff91edcb000 	C:\WINDOWS\System32\GDI32.dll
0x00007ff91cae0000 - 0x00007ff91cc0b000 	C:\WINDOWS\System32\gdi32full.dll
0x00007ff91c8b0000 - 0x00007ff91c953000 	C:\WINDOWS\System32\msvcp_win.dll
0x00007ff91e120000 - 0x00007ff91e151000 	C:\WINDOWS\System32\IMM32.DLL
0x00007ff90a4a0000 - 0x00007ff90a4ac000 	C:\Users\ASUS\.jdks\corretto-21.0.9\bin\vcruntime140_1.dll
0x00007ff89a660000 - 0x00007ff89a6e9000 	C:\Users\ASUS\.jdks\corretto-21.0.9\bin\msvcp140.dll
0x00007ff873700000 - 0x00007ff8744a7000 	C:\Users\ASUS\.jdks\corretto-21.0.9\bin\server\jvm.dll
0x00007ff91eb10000 - 0x00007ff91ebcb000 	C:\WINDOWS\System32\ADVAPI32.dll
0x00007ff91f160000 - 0x00007ff91f207000 	C:\WINDOWS\System32\sechost.dll
0x00007ff91e9f0000 - 0x00007ff91eb08000 	C:\WINDOWS\System32\RPCRT4.dll
0x00007ff91f210000 - 0x00007ff91f284000 	C:\WINDOWS\System32\WS2_32.dll
0x00007ff91b300000 - 0x00007ff91b35e000 	C:\WINDOWS\SYSTEM32\POWRPROF.dll
0x00007ff912fa0000 - 0x00007ff912fd5000 	C:\WINDOWS\SYSTEM32\WINMM.dll
0x00007ff914eb0000 - 0x00007ff914ebb000 	C:\WINDOWS\SYSTEM32\VERSION.dll
0x00007ff91b2e0000 - 0x00007ff91b2f4000 	C:\WINDOWS\SYSTEM32\UMPDC.dll
0x00007ff91b5b0000 - 0x00007ff91b5cb000 	C:\WINDOWS\SYSTEM32\kernel.appcore.dll
0x00007ff909f00000 - 0x00007ff909f0a000 	C:\Users\ASUS\.jdks\corretto-21.0.9\bin\jimage.dll
0x00007ff91a580000 - 0x00007ff91a7c2000 	C:\WINDOWS\SYSTEM32\DBGHELP.DLL
0x00007ff91edd0000 - 0x00007ff91f152000 	C:\WINDOWS\System32\combase.dll
0x00007ff91e810000 - 0x00007ff91e8e7000 	C:\WINDOWS\System32\OLEAUT32.dll
0x00007ff8f5740000 - 0x00007ff8f577b000 	C:\WINDOWS\SYSTEM32\dbgcore.DLL
0x00007ff91dac0000 - 0x00007ff91db65000 	C:\WINDOWS\System32\bcryptPrimitives.dll
0x00007ff8cd8d0000 - 0x00007ff8cd8e0000 	C:\Users\ASUS\.jdks\corretto-21.0.9\bin\instrument.dll
0x00007ff8c3730000 - 0x00007ff8c3751000 	C:\Users\ASUS\.jdks\corretto-21.0.9\bin\java.dll
0x00007ff91f430000 - 0x00007ff91fb8f000 	C:\WINDOWS\System32\SHELL32.dll
0x00007ff91c740000 - 0x00007ff91c8aa000 	C:\WINDOWS\System32\wintypes.dll
0x00007ff91cc40000 - 0x00007ff91d4a4000 	C:\WINDOWS\System32\windows.storage.dll
0x00007ff91ebd0000 - 0x00007ff91ecc7000 	C:\WINDOWS\System32\SHCORE.dll
0x00007ff91dc30000 - 0x00007ff91dc97000 	C:\WINDOWS\System32\shlwapi.dll
0x00007ff91c660000 - 0x00007ff91c689000 	C:\WINDOWS\SYSTEM32\profapi.dll
0x00007ff89a4d0000 - 0x00007ff89a5a7000 	C:\Users\ASUS\.jdks\corretto-21.0.9\bin\jsvml.dll
0x00007ff8c28f0000 - 0x00007ff8c2908000 	C:\Users\ASUS\.jdks\corretto-21.0.9\bin\zip.dll
0x00007ff8c96b0000 - 0x00007ff8c96c1000 	C:\Users\ASUS\.jdks\corretto-21.0.9\bin\net.dll
0x00007ff915c70000 - 0x00007ff915d97000 	C:\WINDOWS\SYSTEM32\WINHTTP.dll
0x00007ff91bb00000 - 0x00007ff91bb6b000 	C:\WINDOWS\system32\mswsock.dll
0x00007ff8c5520000 - 0x00007ff8c5536000 	C:\Users\ASUS\.jdks\corretto-21.0.9\bin\nio.dll
0x00007ff8d9b40000 - 0x00007ff8d9b50000 	C:\Users\ASUS\.jdks\corretto-21.0.9\bin\verify.dll
0x00007ff8c1560000 - 0x00007ff8c1587000 	C:\Users\ASUS\.gradle\native\c067742578af261105cb4f569cf0c3c89f3d7b1fecec35dd04571415982c5e48\windows-amd64\native-platform.dll
0x00007ff898500000 - 0x00007ff898644000 	C:\Users\ASUS\.gradle\native\38dada09dfb8b06ba9b0570ebf7e218e3eb74d4ef43ca46872605cf95ebc2f47\windows-amd64\native-platform-file-events.dll
0x00007ff8ef050000 - 0x00007ff8ef05a000 	C:\Users\ASUS\.jdks\corretto-21.0.9\bin\management.dll
0x00007ff8eef20000 - 0x00007ff8eef2c000 	C:\Users\ASUS\.jdks\corretto-21.0.9\bin\management_ext.dll
0x00007ff91fc20000 - 0x00007ff91fc28000 	C:\WINDOWS\System32\PSAPI.DLL
0x00007ff91bf00000 - 0x00007ff91bf1b000 	C:\WINDOWS\SYSTEM32\CRYPTSP.dll
0x00007ff91b510000 - 0x00007ff91b549000 	C:\WINDOWS\system32\rsaenh.dll
0x00007ff91bbb0000 - 0x00007ff91bbe2000 	C:\WINDOWS\SYSTEM32\USERENV.dll
0x00007ff91c630000 - 0x00007ff91c65a000 	C:\WINDOWS\SYSTEM32\bcrypt.dll
0x00007ff91bd60000 - 0x00007ff91bd6c000 	C:\WINDOWS\SYSTEM32\CRYPTBASE.dll
0x00007ff91af40000 - 0x00007ff91af73000 	C:\WINDOWS\SYSTEM32\IPHLPAPI.DLL
0x00007ff91fd70000 - 0x00007ff91fd7a000 	C:\WINDOWS\System32\NSI.dll
0x00007ff8dfb50000 - 0x00007ff8dfb59000 	C:\Users\ASUS\.jdks\corretto-21.0.9\bin\extnet.dll
0x00007ff8cd730000 - 0x00007ff8cd73e000 	C:\Users\ASUS\.jdks\corretto-21.0.9\bin\sunmscapi.dll
0x00007ff91c960000 - 0x00007ff91cad7000 	C:\WINDOWS\System32\CRYPT32.dll
0x00007ff91c060000 - 0x00007ff91c090000 	C:\WINDOWS\SYSTEM32\ncrypt.dll
0x00007ff91c010000 - 0x00007ff91c04f000 	C:\WINDOWS\SYSTEM32\NTASN1.dll
0x00007ff8e5940000 - 0x00007ff8e5948000 	C:\WINDOWS\system32\wshunix.dll

JVMTI agents:
C:\Users\ASUS\.gradle\wrapper\dists\gradle-8.7-bin\bhs2wmbdwecv87pi65oeuq5iu\gradle-8.7\lib\agents\gradle-instrumentation-agent-8.7.jar path:C:\Users\ASUS\.jdks\corretto-21.0.9\bin\instrument.dll, loaded, initialized, instrumentlib options:none

dbghelp: loaded successfully - version: 4.0.5 - missing functions: none
symbol engine: initialized successfully - sym options: 0x614 - pdb path: .;C:\Users\ASUS\.jdks\corretto-21.0.9\bin;C:\WINDOWS\SYSTEM32;C:\WINDOWS\WinSxS\amd64_microsoft.windows.common-controls_6595b64144ccf1df_6.0.26100.8037_none_3e092faae333b53b;C:\Users\ASUS\.jdks\corretto-21.0.9\bin\server;C:\Users\ASUS\.gradle\native\c067742578af261105cb4f569cf0c3c89f3d7b1fecec35dd04571415982c5e48\windows-amd64;C:\Users\ASUS\.gradle\native\38dada09dfb8b06ba9b0570ebf7e218e3eb74d4ef43ca46872605cf95ebc2f47\windows-amd64

VM Arguments:
jvm_args: -XX:+UseSerialGC -XX:MaxMetaspaceSize=128m --add-opens=java.base/java.util=ALL-UNNAMED --add-opens=java.base/java.lang=ALL-UNNAMED --add-opens=java.base/java.lang.invoke=ALL-UNNAMED --add-opens=java.prefs/java.util.prefs=ALL-UNNAMED --add-opens=java.base/java.nio.charset=ALL-UNNAMED --add-opens=java.base/java.net=ALL-UNNAMED --add-opens=java.base/java.util.concurrent.atomic=ALL-UNNAMED -Xms64m -Xmx256m -Dfile.encoding=UTF-8 -Duser.country=PE -Duser.language=es -Duser.variant -javaagent:C:\Users\ASUS\.gradle\wrapper\dists\gradle-8.7-bin\bhs2wmbdwecv87pi65oeuq5iu\gradle-8.7\lib\agents\gradle-instrumentation-agent-8.7.jar 
java_command: org.gradle.launcher.daemon.bootstrap.GradleDaemon 8.7
java_class_path (initial): C:\Users\ASUS\.gradle\wrapper\dists\gradle-8.7-bin\bhs2wmbdwecv87pi65oeuq5iu\gradle-8.7\lib\gradle-launcher-8.7.jar
Launcher Type: SUN_STANDARD

[Global flags]
     intx CICompilerCount                          = 4                                         {product} {ergonomic}
   size_t CompressedClassSpaceSize                 = 117440512                                 {product} {ergonomic}
   size_t InitialHeapSize                          = 67108864                                  {product} {command line}
   size_t MaxHeapSize                              = 268435456                                 {product} {command line}
   size_t MaxMetaspaceSize                         = 134217728                                 {product} {command line}
   size_t MaxNewSize                               = 89456640                                  {product} {ergonomic}
   size_t MinHeapDeltaBytes                        = 196608                                    {product} {ergonomic}
   size_t MinHeapSize                              = 67108864                                  {product} {command line}
   size_t NewSize                                  = 22347776                                  {product} {ergonomic}
    uintx NonNMethodCodeHeapSize                   = 5839372                                {pd product} {ergonomic}
    uintx NonProfiledCodeHeapSize                  = 122909434                              {pd product} {ergonomic}
   size_t OldSize                                  = 44761088                                  {product} {ergonomic}
    uintx ProfiledCodeHeapSize                     = 122909434                              {pd product} {ergonomic}
    uintx ReservedCodeCacheSize                    = 251658240                              {pd product} {ergonomic}
     bool SegmentedCodeCache                       = true                                      {product} {ergonomic}
   size_t SoftMaxHeapSize                          = 268435456                              {manageable} {ergonomic}
     bool UseCompressedOops                        = true                           {product lp64_product} {ergonomic}
     bool UseLargePagesIndividualAllocation        = false                                  {pd product} {ergonomic}
     bool UseSerialGC                              = true                                      {product} {command line}

Logging:
Log output configuration:
 #0: stdout all=warning uptime,level,tags foldmultilines=false
 #1: stderr all=off uptime,level,tags foldmultilines=false

Release file:
IMPLEMENTOR="Amazon.com Inc." 
IMPLEMENTOR_VERSION="Corretto-21.0.9.10.1" 
JAVA_RUNTIME_VERSION="21.0.9+10-LTS" 
JAVA_VERSION="21.0.9" 
JAVA_VERSION_DATE="2025-10-21" 
LIBC="default" 
MODULES="java.base java.compiler java.datatransfer java.xml java.prefs java.desktop java.instrument java.logging java.management java.security.sasl java.naming java.rmi java.management.rmi java.net.http java.scripting java.security.jgss java.transaction.xa java.sql java.sql.rowset java.xml.crypto java.se java.smartcardio jdk.accessibility jdk.internal.jvmstat jdk.attach jdk.charsets jdk.internal.opt jdk.zipfs jdk.compiler jdk.crypto.ec jdk.crypto.cryptoki jdk.crypto.mscapi jdk.dynalink jdk.internal.ed jdk.editpad jdk.hotspot.agent jdk.httpserver jdk.incubator.vector jdk.internal.le jdk.internal.vm.ci jdk.internal.vm.compiler jdk.internal.vm.compiler.management jdk.jartool jdk.javadoc jdk.jcmd jdk.management jdk.management.agent jdk.jconsole jdk.jdeps jdk.jdwp.agent jdk.jdi jdk.jfr jdk.jlink jdk.jpackage jdk.jshell jdk.jsobject jdk.jstatd jdk.localedata jdk.management.jfr jdk.naming.dns jdk.naming.rmi jdk.net jdk.nio.mapmode jdk.random jdk.sctp jdk.security.auth jdk.security.jgss jdk.unsupported jdk.unsupported.desktop jdk.xml.dom" 
OS_ARCH="x86_64" 
OS_NAME="Windows" 
SOURCE="" 

Environment Variables:
JAVA_HOME=C:\Users\ASUS\.jdks\corretto-21.0.9
PATH=C:\Program Files\NVIDIA GPU Computing Toolkit\CUDA\v12.2\bin;C:\Program Files\NVIDIA GPU Computing Toolkit\CUDA\v12.2\libnvvp;;C:\Program Files\Microsoft MPI\Bin\;C:\Program Files (x86)\Common Files\Oracle\Java\javapath;C:\Windows\system32;C:\Windows;C:\Windows\System32\Wbem;C:\Windows\System32\WindowsPowerShell\v1.0\;C:\Windows\System32\OpenSSH\;C:\Program Files\NVIDIA Corporation\NVIDIA NvDLISR;C:\WINDOWS\system32;C:\WINDOWS;C:\WINDOWS\System32\Wbem;C:\WINDOWS\System32\WindowsPowerShell\v1.0\;C:\WINDOWS\System32\OpenSSH\;C:\Program Files (x86)\NVIDIA Corporation\PhysX\Common;C:\Program Files\dotnet\;C:\Program Files\Microsoft SQL Server\Client SDK\ODBC\170\Tools\Binn\;C:\Program Files\Git\cmd;C:\Program Files (x86)\Microsoft SQL Server\160\Tools\Binn\;C:\Program Files\Microsoft SQL Server\160\Tools\Binn\;C:\Program Files\Microsoft SQL Server\160\DTS\Binn\;C:\Program Files (x86)\Microsoft SQL Server\160\DTS\Binn\;C:\www\php84;C:\ProgramData\chocolatey\bin;C:\Program Files\Calibre2\;C:\Users\ASUS\miniconda3;C:\Users\ASUS\miniconda3\Scripts;C:\Users\ASUS\miniconda3\Library\bin;C:\Program Files\nodejs\;C:\Program Files\NVIDIA Corporation\Nsight Compute 2023.2.0\;C:\Users\ASUS\AppData\Local\Programs\Python\Python313\Scripts\;C:\Users\ASUS\AppData\Local\Programs\Python\Python313\;C:\Users\ASUS\AppData\Local\Programs\Python\Launcher\;C:\Users\ASUS\AppData\Local\Microsoft\WindowsApps;C:\Users\ASUS\.dotnet\tools;C:\Users\ASUS\AppData\Local\Programs\Microsoft VS Code\bin;C:\Users\ASUS\AppData\Roaming\npm;C:\Program Files\JetBrains\IntelliJ IDEA 2025.2.5\bin;C:\Users\ASUS\.jdks\corretto-21.0.9\bin;%M2_HOME%\bin;C:\Maven\apache-maven-3.9.12\bin;
USERNAME=ASUS
OS=Windows_NT
PROCESSOR_IDENTIFIER=Intel64 Family 6 Model 154 Stepping 3, GenuineIntel
TMP=C:\Users\ASUS\AppData\Local\Temp
TEMP=C:\Users\ASUS\AppData\Local\Temp




Periodic native trim disabled

---------------  S Y S T E M  ---------------

OS:
 Windows 11 , 64 bit Build 26100 (10.0.26100.7920)
OS uptime: 1 days 20:15 hours
Hyper-V role detected

CPU: total 12 (initial active 12) (6 cores per cpu, 2 threads per core) family 6 model 154 stepping 3 microcode 0x429, cx8, cmov, fxsr, ht, mmx, 3dnowpref, sse, sse2, sse3, ssse3, sse4.1, sse4.2, popcnt, lzcnt, tsc, tscinvbit, avx, avx2, aes, erms, clmul, bmi1, bmi2, adx, sha, fma, vzeroupper, clflush, clflushopt, clwb, hv, serialize, rdtscp, rdpid, fsrm, f16c, cet_ibt, cet_ss
Processor Information for the first 12 processors :
  Max Mhz: 2000, Current Mhz: 2000, Mhz Limit: 2000

Memory: 4k page, system-wide physical 16005M (1718M free)
TotalPageFile size 28293M (AvailPageFile size 45M)
current process WorkingSet (physical memory assigned to process): 190M, peak: 200M
current process commit charge ("private bytes"): 207M, peak: 217M

vm_info: OpenJDK 64-Bit Server VM (21.0.9+10-LTS) for windows-amd64 JRE (21.0.9+10-LTS), built on 2025-10-16T09:41:28Z by "Administrator" with unknown MS VC++:1944

END.
