#
# There is insufficient memory for the Java Runtime Environment to continue.
# Native memory allocation (malloc) failed to allocate 635616 bytes. Error detail: Chunk::new
# Possible reasons:
#   The system is out of physical RAM or swap space
#   This process is running with CompressedOops enabled, and the Java Heap may be blocking the growth of the native heap
# Possible solutions:
#   Reduce memory load on the system
#   Increase physical memory or swap space
#   Check if swap backing store is full
#   Decrease Java heap size (-Xmx/-Xms)
#   Decrease number of Java threads
#   Decrease Java thread stack sizes (-Xss)
#   Set larger code cache with -XX:ReservedCodeCacheSize=
#   JVM is running with Unscaled Compressed Oops mode in which the Java heap is
#     placed in the first 4GB address space. The Java Heap base address is the
#     maximum limit for the native heap growth. Please use -XX:HeapBaseMinAddress
#     to set the Java Heap base and to place the Java Heap above 4GB virtual address.
# This output file may be truncated or incomplete.
#
#  Out of Memory Error (arena.cpp:168), pid=23276, tid=27004
#
# JRE version: OpenJDK Runtime Environment Corretto-21.0.9.10.1 (21.0.9+10) (build 21.0.9+10-LTS)
# Java VM: OpenJDK 64-Bit Server VM Corretto-21.0.9.10.1 (21.0.9+10-LTS, mixed mode, sharing, tiered, compressed oops, compressed class ptrs, serial gc, windows-amd64)
# No core dump will be written. Minidumps are not enabled by default on client versions of Windows
#

---------------  S U M M A R Y ------------

Command Line: -XX:+UseSerialGC -XX:MaxMetaspaceSize=128m --add-opens=java.base/java.util=ALL-UNNAMED --add-opens=java.base/java.lang=ALL-UNNAMED --add-opens=java.base/java.lang.invoke=ALL-UNNAMED --add-opens=java.prefs/java.util.prefs=ALL-UNNAMED --add-opens=java.base/java.nio.charset=ALL-UNNAMED --add-opens=java.base/java.net=ALL-UNNAMED --add-opens=java.base/java.util.concurrent.atomic=ALL-UNNAMED -Xms64m -Xmx256m -Dfile.encoding=UTF-8 -Duser.country=PE -Duser.language=es -Duser.variant -javaagent:C:\Users\ASUS\.gradle\wrapper\dists\gradle-8.7-bin\bhs2wmbdwecv87pi65oeuq5iu\gradle-8.7\lib\agents\gradle-instrumentation-agent-8.7.jar org.gradle.launcher.daemon.bootstrap.GradleDaemon 8.7

Host: 12th Gen Intel(R) Core(TM) i5-12450H, 12 cores, 15G,  Windows 11 , 64 bit Build 26100 (10.0.26100.7920)
Time: Thu Mar 12 23:19:32 2026 Hora est. Pac璗ico, Sudam廨ica elapsed time: 8.718244 seconds (0d 0h 0m 8s)

---------------  T H R E A D  ---------------

Current thread (0x0000029565ed0ba0):  JavaThread "C2 CompilerThread0" daemon [_thread_in_native, id=27004, stack(0x000000d634300000,0x000000d634400000) (1024K)]


Current CompileTask:
C2:8718 2567       4       java.lang.invoke.MethodType::makeImpl (109 bytes)

Stack: [0x000000d634300000,0x000000d634400000]
Native frames: (J=compiled Java code, j=interpreted, Vv=VM code, C=native code)
V  [jvm.dll+0x6de6a9]
V  [jvm.dll+0x8bbdeb]
V  [jvm.dll+0x8be37a]
V  [jvm.dll+0x8bea53]
V  [jvm.dll+0x28a1d6]
V  [jvm.dll+0xc8fdd]
V  [jvm.dll+0xc952c]
V  [jvm.dll+0x300c2e]
V  [jvm.dll+0x6057a7]
V  [jvm.dll+0x25b297]
V  [jvm.dll+0x25363b]
V  [jvm.dll+0x25148a]
V  [jvm.dll+0x1d184e]
V  [jvm.dll+0x26114a]
V  [jvm.dll+0x25f6d5]
V  [jvm.dll+0x3fefbd]
V  [jvm.dll+0x865f4d]
V  [jvm.dll+0x6dcead]
C  [ucrtbase.dll+0x37b0]
C  [KERNEL32.DLL+0x2e8d7]
C  [ntdll.dll+0x8c48c]


---------------  P R O C E S S  ---------------

Threads class SMR info:
_java_thread_list=0x000002950c51e120, length=24, elements={
0x0000029565e30cc0, 0x0000029565ebb6b0, 0x0000029565ebe5d0, 0x0000029565ec4af0,
0x0000029565ec5870, 0x0000029565ec7ab0, 0x0000029565ecdc80, 0x0000029565ed0ba0,
0x0000029565ede000, 0x000002957d5f9cc0, 0x000002957d62fc50, 0x000002950c037280,
0x000002957e5046e0, 0x000002957ead7320, 0x000002957f02e360, 0x000002957e688a40,
0x000002950c222e10, 0x000002950c223470, 0x000002950c47ecb0, 0x000002950c47f340,
0x000002950c47f9d0, 0x000002950c480060, 0x000002950c481aa0, 0x000002950c4806f0
}

Java Threads: ( => current thread )
  0x0000029565e30cc0 JavaThread "main"                              [_thread_blocked, id=17776, stack(0x000000d633a00000,0x000000d633b00000) (1024K)]
  0x0000029565ebb6b0 JavaThread "Reference Handler"          daemon [_thread_blocked, id=12276, stack(0x000000d633d00000,0x000000d633e00000) (1024K)]
  0x0000029565ebe5d0 JavaThread "Finalizer"                  daemon [_thread_blocked, id=27976, stack(0x000000d633e00000,0x000000d633f00000) (1024K)]
  0x0000029565ec4af0 JavaThread "Signal Dispatcher"          daemon [_thread_blocked, id=18488, stack(0x000000d633f00000,0x000000d634000000) (1024K)]
  0x0000029565ec5870 JavaThread "Attach Listener"            daemon [_thread_blocked, id=888, stack(0x000000d634000000,0x000000d634100000) (1024K)]
  0x0000029565ec7ab0 JavaThread "Service Thread"             daemon [_thread_blocked, id=7592, stack(0x000000d634100000,0x000000d634200000) (1024K)]
  0x0000029565ecdc80 JavaThread "Monitor Deflation Thread"   daemon [_thread_blocked, id=15920, stack(0x000000d634200000,0x000000d634300000) (1024K)]
=>0x0000029565ed0ba0 JavaThread "C2 CompilerThread0"         daemon [_thread_in_native, id=27004, stack(0x000000d634300000,0x000000d634400000) (1024K)]
  0x0000029565ede000 JavaThread "C1 CompilerThread0"         daemon [_thread_blocked, id=13932, stack(0x000000d634400000,0x000000d634500000) (1024K)]
  0x000002957d5f9cc0 JavaThread "Common-Cleaner"             daemon [_thread_blocked, id=17096, stack(0x000000d634500000,0x000000d634600000) (1024K)]
  0x000002957d62fc50 JavaThread "Notification Thread"        daemon [_thread_blocked, id=6796, stack(0x000000d634600000,0x000000d634700000) (1024K)]
  0x000002950c037280 JavaThread "Daemon health stats"               [_thread_blocked, id=2548, stack(0x000000d634700000,0x000000d634800000) (1024K)]
  0x000002957e5046e0 JavaThread "Incoming local TCP Connector on port 53002"        [_thread_in_native, id=644, stack(0x000000d634800000,0x000000d634900000) (1024K)]
  0x000002957ead7320 JavaThread "Daemon periodic checks"            [_thread_blocked, id=19620, stack(0x000000d634900000,0x000000d634a00000) (1024K)]
  0x000002957f02e360 JavaThread "Daemon"                            [_thread_blocked, id=23992, stack(0x000000d634a00000,0x000000d634b00000) (1024K)]
  0x000002957e688a40 JavaThread "Handler for socket connection from /127.0.0.1:53002 to /127.0.0.1:53003"        [_thread_in_native, id=13248, stack(0x000000d634b00000,0x000000d634c00000) (1024K)]
  0x000002950c222e10 JavaThread "Cancel handler"                    [_thread_blocked, id=27316, stack(0x000000d634c00000,0x000000d634d00000) (1024K)]
  0x000002950c223470 JavaThread "Daemon worker"                     [_thread_blocked, id=14788, stack(0x000000d634d00000,0x000000d634e00000) (1024K)]
  0x000002950c47ecb0 JavaThread "Asynchronous log dispatcher for DefaultDaemonConnection: socket connection from /127.0.0.1:53002 to /127.0.0.1:53003"        [_thread_blocked, id=27100, stack(0x000000d634e00000,0x000000d634f00000) (1024K)]
  0x000002950c47f340 JavaThread "Stdin handler"                     [_thread_blocked, id=25916, stack(0x000000d634f00000,0x000000d635000000) (1024K)]
  0x000002950c47f9d0 JavaThread "Daemon client event forwarder"        [_thread_blocked, id=28008, stack(0x000000d635000000,0x000000d635100000) (1024K)]
  0x000002950c480060 JavaThread "Cache worker for journal cache (C:\Users\ASUS\.gradle\caches\journal-1)"        [_thread_blocked, id=28132, stack(0x000000d635100000,0x000000d635200000) (1024K)]
  0x000002950c481aa0 JavaThread "File lock request listener"        [_thread_in_native, id=4172, stack(0x000000d635200000,0x000000d635300000) (1024K)]
  0x000002950c4806f0 JavaThread "Cache worker for file hash cache (C:\Users\ASUS\.gradle\caches\8.7\fileHashes)"        [_thread_blocked, id=24464, stack(0x000000d635300000,0x000000d635400000) (1024K)]
Total: 24

Other Threads:
  0x0000029565ea13a0 VMThread "VM Thread"                           [id=26176, stack(0x000000d633c00000,0x000000d633d00000) (1024K)] _threads_hazard_ptr=0x000002950c51e120
  0x000002956599c8d0 WatcherThread "VM Periodic Task Thread"        [id=6644, stack(0x000000d633b00000,0x000000d633c00000) (1024K)]
Total: 2

Threads with active compile tasks:
C2 CompilerThread0  8729 2567       4       java.lang.invoke.MethodType::makeImpl (109 bytes)
C1 CompilerThread0  8729 2623       3       java.util.concurrent.TimeUnit::toNanos (45 bytes)
Total: 2

VM state: synchronizing (normal execution)

VM Mutex/Monitor currently owned by a thread:  ([mutex/lock_event])
[0x00007ff8743c5570] Threads_lock - owner thread: 0x0000029565ea13a0

Heap address: 0x00000000f0000000, size: 256 MB, Compressed Oops mode: 32-bit

CDS archive(s) mapped at: [0x0000029500000000-0x0000029500c80000-0x0000029500c80000), size 13107200, SharedBaseAddress: 0x0000029500000000, ArchiveRelocationMode: 1.
Compressed class space mapped at: 0x0000029501000000-0x0000029508000000, reserved size: 117440512
Narrow klass base: 0x0000029500000000, Narrow klass shift: 0, Narrow klass range: 0x100000000

GC Precious Log:
 CardTable entry size: 512
 CPUs: 12 total, 12 available
 Memory: 16005M
 Large Page Support: Disabled
 NUMA Support: Disabled
 Compressed Oops: Enabled (32-bit)
 Heap Min Capacity: 64M
 Heap Initial Capacity: 64M
 Heap Max Capacity: 256M
 Pre-touch: Disabled

Heap:
 def new generation   total 19648K, used 4936K [0x00000000f0000000, 0x00000000f1550000, 0x00000000f5550000)
  eden space 17472K,  22% used [0x00000000f0000000, 0x00000000f03e57c0, 0x00000000f1110000)
  from space 2176K,  43% used [0x00000000f1330000, 0x00000000f141cb40, 0x00000000f1550000)
  to   space 2176K,   0% used [0x00000000f1110000, 0x00000000f1110000, 0x00000000f1330000)
 tenured generation   total 43712K, used 17885K [0x00000000f5550000, 0x00000000f8000000, 0x0000000100000000)
   the space 43712K,  40% used [0x00000000f5550000, 0x00000000f66c7690, 0x00000000f66c7800, 0x00000000f8000000)
 Metaspace       used 16210K, committed 16768K, reserved 180224K
  class space    used 2260K, committed 2496K, reserved 114688K

Card table byte_map: [0x00000295657d0000,0x0000029565860000] _byte_map_base: 0x0000029565050000

Polling page: 0x0000029564060000

Metaspace:

Usage:
  Non-class:     13.62 MB used.
      Class:      2.21 MB used.
       Both:     15.83 MB used.

Virtual space:
  Non-class space:       64.00 MB reserved,      13.94 MB ( 22%) committed,  1 nodes.
      Class space:      112.00 MB reserved,       2.44 MB (  2%) committed,  1 nodes.
             Both:      176.00 MB reserved,      16.38 MB (  9%) committed. 

Chunk freelists:
   Non-Class:  2.05 MB
       Class:  13.61 MB
        Both:  15.66 MB

MaxMetaspaceSize: 128.00 MB
CompressedClassSpaceSize: 112.00 MB
Initial GC threshold: 21.00 MB
Current GC threshold: 21.00 MB
CDS: on
 - commit_granule_bytes: 65536.
 - commit_granule_words: 8192.
 - virtual_space_node_default_size: 8388608.
 - enlarge_chunks_in_place: 1.
 - use_allocation_guard: 0.


Internal statistics:

num_allocs_failed_limit: 0.
num_arena_births: 616.
num_arena_deaths: 0.
num_vsnodes_births: 2.
num_vsnodes_deaths: 0.
num_space_committed: 262.
num_space_uncommitted: 0.
num_chunks_returned_to_freelist: 0.
num_chunks_taken_from_freelist: 1174.
num_chunk_merges: 0.
num_chunk_splits: 767.
num_chunks_enlarged: 529.
num_inconsistent_stats: 0.

CodeHeap 'non-profiled nmethods': size=120000Kb used=1188Kb max_used=1188Kb free=118811Kb
 bounds [0x0000029576010000, 0x0000029576280000, 0x000002957d540000]
CodeHeap 'profiled nmethods': size=120000Kb used=5011Kb max_used=5011Kb free=114988Kb
 bounds [0x000002956e540000, 0x000002956ea30000, 0x0000029575a70000]
CodeHeap 'non-nmethods': size=5760Kb used=1265Kb max_used=1277Kb free=4495Kb
 bounds [0x0000029575a70000, 0x0000029575ce0000, 0x0000029576010000]
CodeCache: size=245760Kb, used=7464Kb, max_used=7476Kb, free=238294Kb
 total_blobs=3160, nmethods=2620, adapters=446, full_count=0
Compilation: enabled, stopped_count=0, restarted_count=0

Compilation events (20 events):
Event: 4.686 Thread 0x0000029565ede000 nmethod 2604 0x000002956ea1da90 code [0x000002956ea1dc60, 0x000002956ea1df50]
Event: 4.686 Thread 0x0000029565ede000 2605       3       java.lang.invoke.ClassSpecializer$Factory$1Var::emitVarInstruction (73 bytes)
Event: 4.686 Thread 0x0000029565ede000 nmethod 2605 0x000002956ea1e090 code [0x000002956ea1e320, 0x000002956ea1ebd0]
Event: 4.686 Thread 0x0000029565ede000 2609       3       java.lang.invoke.ClassSpecializer::classBCName (8 bytes)
Event: 4.687 Thread 0x0000029565ede000 nmethod 2609 0x000002956ea1ef90 code [0x000002956ea1f160, 0x000002956ea1f450]
Event: 4.687 Thread 0x0000029565ede000 2610       3       java.lang.invoke.ClassSpecializer::className (33 bytes)
Event: 4.687 Thread 0x0000029565ede000 nmethod 2610 0x000002956ea1f590 code [0x000002956ea1f740, 0x000002956ea1f920]
Event: 4.687 Thread 0x0000029565ede000 2611       3       java.lang.invoke.ClassSpecializer$Factory$1Var::<init> (146 bytes)
Event: 4.688 Thread 0x0000029565ede000 nmethod 2611 0x000002956ea1fa10 code [0x000002956ea1fe00, 0x000002956ea21440]
Event: 4.688 Thread 0x0000029565ede000 2612       3       java.lang.invoke.ClassSpecializer$Factory$1Var::nextSlotIndex (24 bytes)
Event: 4.688 Thread 0x0000029565ede000 nmethod 2612 0x000002956ea21e10 code [0x000002956ea21fc0, 0x000002956ea22250]
Event: 4.688 Thread 0x0000029565ede000 2613       3       java.lang.invoke.ClassSpecializer::classSig (34 bytes)
Event: 4.688 Thread 0x0000029565ede000 nmethod 2613 0x000002956ea22390 code [0x000002956ea22600, 0x000002956ea22cb0]
Event: 4.688 Thread 0x0000029565ede000 2614       3       java.lang.invoke.ClassSpecializer::classSig (94 bytes)
Event: 4.688 Thread 0x0000029565ede000 nmethod 2614 0x000002956ea22f90 code [0x000002956ea231c0, 0x000002956ea23748]
Event: 4.688 Thread 0x0000029565ede000 2616       3       java.lang.invoke.MethodHandles$Lookup::restrictProtectedReceiver (51 bytes)
Event: 4.689 Thread 0x0000029565ede000 nmethod 2616 0x000002956ea23990 code [0x000002956ea23b80, 0x000002956ea24058]
Event: 4.689 Thread 0x0000029565ede000 2621       3       java.lang.invoke.ClassSpecializer$Factory::typeLoadOp (102 bytes)
Event: 4.689 Thread 0x0000029565ede000 nmethod 2621 0x000002956ea24210 code [0x000002956ea24480, 0x000002956ea24c68]
Event: 5.268 Thread 0x0000029565ede000 2623       3       java.util.concurrent.TimeUnit::toNanos (45 bytes)

GC Heap History (14 events):
Event: 0.215 GC heap before
{Heap before GC invocations=0 (full 0):
 def new generation   total 19648K, used 16315K [0x00000000f0000000, 0x00000000f1550000, 0x00000000f5550000)
  eden space 17472K,  93% used [0x00000000f0000000, 0x00000000f0feef68, 0x00000000f1110000)
  from space 2176K,   0% used [0x00000000f1110000, 0x00000000f1110000, 0x00000000f1330000)
  to   space 2176K,   0% used [0x00000000f1330000, 0x00000000f1330000, 0x00000000f1550000)
 tenured generation   total 43712K, used 0K [0x00000000f5550000, 0x00000000f8000000, 0x0000000100000000)
   the space 43712K,   0% used [0x00000000f5550000, 0x00000000f5550000, 0x00000000f5550200, 0x00000000f8000000)
 Metaspace       used 1098K, committed 1216K, reserved 180224K
  class space    used 89K, committed 128K, reserved 114688K
}
Event: 0.218 GC heap after
{Heap after GC invocations=1 (full 0):
 def new generation   total 19648K, used 2176K [0x00000000f0000000, 0x00000000f1550000, 0x00000000f5550000)
  eden space 17472K,   0% used [0x00000000f0000000, 0x00000000f0000000, 0x00000000f1110000)
  from space 2176K, 100% used [0x00000000f1330000, 0x00000000f1550000, 0x00000000f1550000)
  to   space 2176K,   0% used [0x00000000f1110000, 0x00000000f1110000, 0x00000000f1330000)
 tenured generation   total 43712K, used 2206K [0x00000000f5550000, 0x00000000f8000000, 0x0000000100000000)
   the space 43712K,   5% used [0x00000000f5550000, 0x00000000f5777a50, 0x00000000f5777c00, 0x00000000f8000000)
 Metaspace       used 1098K, committed 1216K, reserved 180224K
  class space    used 89K, committed 128K, reserved 114688K
}
Event: 0.446 GC heap before
{Heap before GC invocations=1 (full 0):
 def new generation   total 19648K, used 19648K [0x00000000f0000000, 0x00000000f1550000, 0x00000000f5550000)
  eden space 17472K, 100% used [0x00000000f0000000, 0x00000000f1110000, 0x00000000f1110000)
  from space 2176K, 100% used [0x00000000f1330000, 0x00000000f1550000, 0x00000000f1550000)
  to   space 2176K,   0% used [0x00000000f1110000, 0x00000000f1110000, 0x00000000f1330000)
 tenured generation   total 43712K, used 2206K [0x00000000f5550000, 0x00000000f8000000, 0x0000000100000000)
   the space 43712K,   5% used [0x00000000f5550000, 0x00000000f5777a50, 0x00000000f5777c00, 0x00000000f8000000)
 Metaspace       used 4036K, committed 4288K, reserved 180224K
  class space    used 510K, committed 640K, reserved 114688K
}
Event: 0.451 GC heap after
{Heap after GC invocations=2 (full 0):
 def new generation   total 19648K, used 1987K [0x00000000f0000000, 0x00000000f1550000, 0x00000000f5550000)
  eden space 17472K,   0% used [0x00000000f0000000, 0x00000000f0000000, 0x00000000f1110000)
  from space 2176K,  91% used [0x00000000f1110000, 0x00000000f1300d38, 0x00000000f1330000)
  to   space 2176K,   0% used [0x00000000f1330000, 0x00000000f1330000, 0x00000000f1550000)
 tenured generation   total 43712K, used 7822K [0x00000000f5550000, 0x00000000f8000000, 0x0000000100000000)
   the space 43712K,  17% used [0x00000000f5550000, 0x00000000f5cf39a8, 0x00000000f5cf3a00, 0x00000000f8000000)
 Metaspace       used 4036K, committed 4288K, reserved 180224K
  class space    used 510K, committed 640K, reserved 114688K
}
Event: 0.639 GC heap before
{Heap before GC invocations=2 (full 0):
 def new generation   total 19648K, used 19459K [0x00000000f0000000, 0x00000000f1550000, 0x00000000f5550000)
  eden space 17472K, 100% used [0x00000000f0000000, 0x00000000f1110000, 0x00000000f1110000)
  from space 2176K,  91% used [0x00000000f1110000, 0x00000000f1300d38, 0x00000000f1330000)
  to   space 2176K,   0% used [0x00000000f1330000, 0x00000000f1330000, 0x00000000f1550000)
 tenured generation   total 43712K, used 7822K [0x00000000f5550000, 0x00000000f8000000, 0x0000000100000000)
   the space 43712K,  17% used [0x00000000f5550000, 0x00000000f5cf39a8, 0x00000000f5cf3a00, 0x00000000f8000000)
 Metaspace       used 4130K, committed 4352K, reserved 180224K
  class space    used 510K, committed 640K, reserved 114688K
}
Event: 0.641 GC heap after
{Heap after GC invocations=3 (full 0):
 def new generation   total 19648K, used 356K [0x00000000f0000000, 0x00000000f1550000, 0x00000000f5550000)
  eden space 17472K,   0% used [0x00000000f0000000, 0x00000000f0000000, 0x00000000f1110000)
  from space 2176K,  16% used [0x00000000f1330000, 0x00000000f1389360, 0x00000000f1550000)
  to   space 2176K,   0% used [0x00000000f1110000, 0x00000000f1110000, 0x00000000f1330000)
 tenured generation   total 43712K, used 9776K [0x00000000f5550000, 0x00000000f8000000, 0x0000000100000000)
   the space 43712K,  22% used [0x00000000f5550000, 0x00000000f5edc0a0, 0x00000000f5edc200, 0x00000000f8000000)
 Metaspace       used 4130K, committed 4352K, reserved 180224K
  class space    used 510K, committed 640K, reserved 114688K
}
Event: 0.812 GC heap before
{Heap before GC invocations=3 (full 0):
 def new generation   total 19648K, used 17828K [0x00000000f0000000, 0x00000000f1550000, 0x00000000f5550000)
  eden space 17472K, 100% used [0x00000000f0000000, 0x00000000f1110000, 0x00000000f1110000)
  from space 2176K,  16% used [0x00000000f1330000, 0x00000000f1389360, 0x00000000f1550000)
  to   space 2176K,   0% used [0x00000000f1110000, 0x00000000f1110000, 0x00000000f1330000)
 tenured generation   total 43712K, used 9776K [0x00000000f5550000, 0x00000000f8000000, 0x0000000100000000)
   the space 43712K,  22% used [0x00000000f5550000, 0x00000000f5edc0a0, 0x00000000f5edc200, 0x00000000f8000000)
 Metaspace       used 4338K, committed 4544K, reserved 180224K
  class space    used 529K, committed 640K, reserved 114688K
}
Event: 0.814 GC heap after
{Heap after GC invocations=4 (full 0):
 def new generation   total 19648K, used 2175K [0x00000000f0000000, 0x00000000f1550000, 0x00000000f5550000)
  eden space 17472K,   0% used [0x00000000f0000000, 0x00000000f0000000, 0x00000000f1110000)
  from space 2176K,  99% used [0x00000000f1110000, 0x00000000f132fff8, 0x00000000f1330000)
  to   space 2176K,   0% used [0x00000000f1330000, 0x00000000f1330000, 0x00000000f1550000)
 tenured generation   total 43712K, used 11856K [0x00000000f5550000, 0x00000000f8000000, 0x0000000100000000)
   the space 43712K,  27% used [0x00000000f5550000, 0x00000000f60e4110, 0x00000000f60e4200, 0x00000000f8000000)
 Metaspace       used 4338K, committed 4544K, reserved 180224K
  class space    used 529K, committed 640K, reserved 114688K
}
Event: 2.145 GC heap before
{Heap before GC invocations=4 (full 0):
 def new generation   total 19648K, used 19647K [0x00000000f0000000, 0x00000000f1550000, 0x00000000f5550000)
  eden space 17472K, 100% used [0x00000000f0000000, 0x00000000f1110000, 0x00000000f1110000)
  from space 2176K,  99% used [0x00000000f1110000, 0x00000000f132fff8, 0x00000000f1330000)
  to   space 2176K,   0% used [0x00000000f1330000, 0x00000000f1330000, 0x00000000f1550000)
 tenured generation   total 43712K, used 11856K [0x00000000f5550000, 0x00000000f8000000, 0x0000000100000000)
   the space 43712K,  27% used [0x00000000f5550000, 0x00000000f60e4110, 0x00000000f60e4200, 0x00000000f8000000)
 Metaspace       used 8363K, committed 8704K, reserved 180224K
  class space    used 1116K, committed 1280K, reserved 114688K
}
Event: 2.150 GC heap after
{Heap after GC invocations=5 (full 0):
 def new generation   total 19648K, used 2176K [0x00000000f0000000, 0x00000000f1550000, 0x00000000f5550000)
  eden space 17472K,   0% used [0x00000000f0000000, 0x00000000f0000000, 0x00000000f1110000)
  from space 2176K, 100% used [0x00000000f1330000, 0x00000000f1550000, 0x00000000f1550000)
  to   space 2176K,   0% used [0x00000000f1110000, 0x00000000f1110000, 0x00000000f1330000)
 tenured generation   total 43712K, used 14057K [0x00000000f5550000, 0x00000000f8000000, 0x0000000100000000)
   the space 43712K,  32% used [0x00000000f5550000, 0x00000000f630a6c8, 0x00000000f630a800, 0x00000000f8000000)
 Metaspace       used 8363K, committed 8704K, reserved 180224K
  class space    used 1116K, committed 1280K, reserved 114688K
}
Event: 3.416 GC heap before
{Heap before GC invocations=5 (full 0):
 def new generation   total 19648K, used 19641K [0x00000000f0000000, 0x00000000f1550000, 0x00000000f5550000)
  eden space 17472K,  99% used [0x00000000f0000000, 0x00000000f110e678, 0x00000000f1110000)
  from space 2176K, 100% used [0x00000000f1330000, 0x00000000f1550000, 0x00000000f1550000)
  to   space 2176K,   0% used [0x00000000f1110000, 0x00000000f1110000, 0x00000000f1330000)
 tenured generation   total 43712K, used 14057K [0x00000000f5550000, 0x00000000f8000000, 0x0000000100000000)
   the space 43712K,  32% used [0x00000000f5550000, 0x00000000f630a6c8, 0x00000000f630a800, 0x00000000f8000000)
 Metaspace       used 12458K, committed 12864K, reserved 180224K
  class space    used 1664K, committed 1856K, reserved 114688K
}
Event: 3.421 GC heap after
{Heap after GC invocations=6 (full 0):
 def new generation   total 19648K, used 1745K [0x00000000f0000000, 0x00000000f1550000, 0x00000000f5550000)
  eden space 17472K,   0% used [0x00000000f0000000, 0x00000000f0000000, 0x00000000f1110000)
  from space 2176K,  80% used [0x00000000f1110000, 0x00000000f12c4690, 0x00000000f1330000)
  to   space 2176K,   0% used [0x00000000f1330000, 0x00000000f1330000, 0x00000000f1550000)
 tenured generation   total 43712K, used 16206K [0x00000000f5550000, 0x00000000f8000000, 0x0000000100000000)
   the space 43712K,  37% used [0x00000000f5550000, 0x00000000f6523940, 0x00000000f6523a00, 0x00000000f8000000)
 Metaspace       used 12458K, committed 12864K, reserved 180224K
  class space    used 1664K, committed 1856K, reserved 114688K
}
Event: 4.644 GC heap before
{Heap before GC invocations=6 (full 0):
 def new generation   total 19648K, used 19217K [0x00000000f0000000, 0x00000000f1550000, 0x00000000f5550000)
  eden space 17472K, 100% used [0x00000000f0000000, 0x00000000f1110000, 0x00000000f1110000)
  from space 2176K,  80% used [0x00000000f1110000, 0x00000000f12c4690, 0x00000000f1330000)
  to   space 2176K,   0% used [0x00000000f1330000, 0x00000000f1330000, 0x00000000f1550000)
 tenured generation   total 43712K, used 16206K [0x00000000f5550000, 0x00000000f8000000, 0x0000000100000000)
   the space 43712K,  37% used [0x00000000f5550000, 0x00000000f6523940, 0x00000000f6523a00, 0x00000000f8000000)
 Metaspace       used 15657K, committed 16128K, reserved 180224K
  class space    used 2162K, committed 2368K, reserved 114688K
}
Event: 4.649 GC heap after
{Heap after GC invocations=7 (full 0):
 def new generation   total 19648K, used 946K [0x00000000f0000000, 0x00000000f1550000, 0x00000000f5550000)
  eden space 17472K,   0% used [0x00000000f0000000, 0x00000000f0000000, 0x00000000f1110000)
  from space 2176K,  43% used [0x00000000f1330000, 0x00000000f141cb40, 0x00000000f1550000)
  to   space 2176K,   0% used [0x00000000f1110000, 0x00000000f1110000, 0x00000000f1330000)
 tenured generation   total 43712K, used 17885K [0x00000000f5550000, 0x00000000f8000000, 0x0000000100000000)
   the space 43712K,  40% used [0x00000000f5550000, 0x00000000f66c7690, 0x00000000f66c7800, 0x00000000f8000000)
 Metaspace       used 15657K, committed 16128K, reserved 180224K
  class space    used 2162K, committed 2368K, reserved 114688K
}

Dll operation events (15 events):
Event: 0.005 Loaded shared library C:\Users\ASUS\.jdks\corretto-21.0.9\bin\java.dll
Event: 0.021 Loaded shared library C:\Users\ASUS\.jdks\corretto-21.0.9\bin\jsvml.dll
Event: 0.042 Loaded shared library C:\Users\ASUS\.jdks\corretto-21.0.9\bin\zip.dll
Event: 0.044 Loaded shared library C:\Users\ASUS\.jdks\corretto-21.0.9\bin\instrument.dll
Event: 0.046 Loaded shared library C:\Users\ASUS\.jdks\corretto-21.0.9\bin\net.dll
Event: 0.047 Loaded shared library C:\Users\ASUS\.jdks\corretto-21.0.9\bin\nio.dll
Event: 0.049 Loaded shared library C:\Users\ASUS\.jdks\corretto-21.0.9\bin\zip.dll
Event: 0.161 Loaded shared library C:\Users\ASUS\.jdks\corretto-21.0.9\bin\jimage.dll
Event: 0.198 Loaded shared library C:\Users\ASUS\.jdks\corretto-21.0.9\bin\verify.dll
Event: 0.303 Loaded shared library C:\Users\ASUS\.gradle\native\c067742578af261105cb4f569cf0c3c89f3d7b1fecec35dd04571415982c5e48\windows-amd64\native-platform.dll
Event: 0.322 Loaded shared library C:\Users\ASUS\.gradle\native\38dada09dfb8b06ba9b0570ebf7e218e3eb74d4ef43ca46872605cf95ebc2f47\windows-amd64\native-platform-file-events.dll
Event: 2.011 Loaded shared library C:\Users\ASUS\.jdks\corretto-21.0.9\bin\management.dll
Event: 2.012 Loaded shared library C:\Users\ASUS\.jdks\corretto-21.0.9\bin\management_ext.dll
Event: 2.124 Loaded shared library C:\Users\ASUS\.jdks\corretto-21.0.9\bin\extnet.dll
Event: 2.229 Loaded shared library C:\Users\ASUS\.jdks\corretto-21.0.9\bin\sunmscapi.dll

Deoptimization events (20 events):
Event: 3.531 Thread 0x000002950c223470 Uncommon trap: trap_request=0xffffffde fr.pc=0x00000295760c37e4 relative=0x0000000000000304
Event: 3.531 Thread 0x000002950c223470 Uncommon trap: reason=class_check action=maybe_recompile pc=0x00000295760c37e4 method=java.util.regex.Pattern$BmpCharPropertyGreedy.match(Ljava/util/regex/Matcher;ILjava/lang/CharSequence;)Z @ 26 c2
Event: 3.531 Thread 0x000002950c223470 DEOPT PACKING pc=0x00000295760c37e4 sp=0x000000d634dfc100
Event: 3.531 Thread 0x000002950c223470 DEOPT UNPACKING pc=0x0000029575ac3aa2 sp=0x000000d634dfc0b8 mode 2
Event: 3.583 Thread 0x000002950c223470 Uncommon trap: trap_request=0xffffff45 fr.pc=0x0000029576038f38 relative=0x0000000000000c38
Event: 3.583 Thread 0x000002950c223470 Uncommon trap: reason=unstable_if action=reinterpret pc=0x0000029576038f38 method=java.io.WinNTFileSystem.resolve(Ljava/lang/String;Ljava/lang/String;)Ljava/lang/String; @ 19 c2
Event: 3.583 Thread 0x000002950c223470 DEOPT PACKING pc=0x0000029576038f38 sp=0x000000d634dfb920
Event: 3.583 Thread 0x000002950c223470 DEOPT UNPACKING pc=0x0000029575ac3aa2 sp=0x000000d634dfb898 mode 2
Event: 3.584 Thread 0x000002950c223470 Uncommon trap: trap_request=0xffffff45 fr.pc=0x00000295760882d8 relative=0x0000000000000578
Event: 3.584 Thread 0x000002950c223470 Uncommon trap: reason=unstable_if action=reinterpret pc=0x00000295760882d8 method=java.io.File.getName()Ljava/lang/String; @ 16 c2
Event: 3.584 Thread 0x000002950c223470 DEOPT PACKING pc=0x00000295760882d8 sp=0x000000d634dfb8b0
Event: 3.584 Thread 0x000002950c223470 DEOPT UNPACKING pc=0x0000029575ac3aa2 sp=0x000000d634dfb880 mode 2
Event: 4.666 Thread 0x000002950c223470 Uncommon trap: trap_request=0xffffff45 fr.pc=0x00000295760b67c4 relative=0x0000000000000584
Event: 4.666 Thread 0x000002950c223470 Uncommon trap: reason=unstable_if action=reinterpret pc=0x00000295760b67c4 method=java.util.ArrayList.grow(I)[Ljava/lang/Object; @ 17 c2
Event: 4.666 Thread 0x000002950c223470 DEOPT PACKING pc=0x00000295760b67c4 sp=0x000000d634dfd200
Event: 4.666 Thread 0x000002950c223470 DEOPT UNPACKING pc=0x0000029575ac3aa2 sp=0x000000d634dfd098 mode 2
Event: 4.683 Thread 0x000002950c223470 Uncommon trap: trap_request=0xffffffcc fr.pc=0x000002957613428c relative=0x000000000000034c
Event: 4.683 Thread 0x000002950c223470 Uncommon trap: reason=intrinsic_or_type_checked_inlining action=make_not_entrant pc=0x000002957613428c method=java.util.Arrays.copyOf([Ljava/lang/Object;ILjava/lang/Class;)[Ljava/lang/Object; @ 35 c2
Event: 4.683 Thread 0x000002950c223470 DEOPT PACKING pc=0x000002957613428c sp=0x000000d634dfca40
Event: 4.683 Thread 0x000002950c223470 DEOPT UNPACKING pc=0x0000029575ac3aa2 sp=0x000000d634dfc9e8 mode 2

Classes loaded (20 events):
Event: 3.611 Loading class java/nio/file/FileVisitOption
Event: 3.611 Loading class java/nio/file/FileVisitOption done
Event: 3.613 Loading class java/util/stream/ReduceOps$1
Event: 3.613 Loading class java/util/stream/ReduceOps$1 done
Event: 3.613 Loading class java/util/stream/ReduceOps$1ReducingSink
Event: 3.613 Loading class java/util/stream/ReduceOps$1ReducingSink done
Event: 4.683 Loading class java/lang/invoke/BoundMethodHandle$Species_LLLLLLLLLLLL
Event: 4.683 Loading class java/lang/invoke/BoundMethodHandle$Species_LLLLLLLLLLLL done
Event: 4.684 Loading class java/lang/invoke/BoundMethodHandle$Species_LLLLLLLLLLLLL
Event: 4.684 Loading class java/lang/invoke/BoundMethodHandle$Species_LLLLLLLLLLLLL done
Event: 4.685 Loading class java/lang/invoke/BoundMethodHandle$Species_LLLLLLLLLLLLLL
Event: 4.685 Loading class java/lang/invoke/BoundMethodHandle$Species_LLLLLLLLLLLLLL done
Event: 4.686 Loading class java/lang/invoke/BoundMethodHandle$Species_LLLLLLLLLLLLLLL
Event: 4.686 Loading class java/lang/invoke/BoundMethodHandle$Species_LLLLLLLLLLLLLLL done
Event: 4.686 Loading class java/lang/invoke/BoundMethodHandle$Species_LLLLLLLLLLLLLLLL
Event: 4.686 Loading class java/lang/invoke/BoundMethodHandle$Species_LLLLLLLLLLLLLLLL done
Event: 4.687 Loading class java/lang/invoke/BoundMethodHandle$Species_LLLLLLLLLLLLLLLLL
Event: 4.687 Loading class java/lang/invoke/BoundMethodHandle$Species_LLLLLLLLLLLLLLLLL done
Event: 4.688 Loading class java/lang/invoke/BoundMethodHandle$Species_LLLLLLLLLLLLLLLLLL
Event: 4.688 Loading class java/lang/invoke/BoundMethodHandle$Species_LLLLLLLLLLLLLLLLLL done

Classes unloaded (0 events):
No events

Classes redefined (0 events):
No events

Internal exceptions (20 events):
Event: 3.510 Thread 0x000002950c223470 Exception <a 'java/lang/NoSuchMethodError'{0x00000000f06bdce0}: 'void java.lang.invoke.DirectMethodHandle$Holder.invokeVirtual(java.lang.Object, java.lang.Object, java.lang.Object, java.lang.Object, java.lang.Object)'> (0x00000000f06bdce0) 
thrown [s\src\hotspot\share\interpreter\linkResolver.cpp, line 773]
Event: 3.530 Thread 0x000002950c223470 Exception <a 'java/lang/NoSuchMethodError'{0x00000000f088c250}: 'void java.lang.invoke.DirectMethodHandle$Holder.invokeInterface(java.lang.Object, java.lang.Object)'> (0x00000000f088c250) 
thrown [s\src\hotspot\share\interpreter\linkResolver.cpp, line 773]
Event: 3.530 Thread 0x000002950c223470 Exception <a 'java/lang/IncompatibleClassChangeError'{0x00000000f088f7d0}: Found class java.lang.Object, but interface was expected> (0x00000000f088f7d0) 
thrown [s\src\hotspot\share\interpreter\linkResolver.cpp, line 840]
Event: 3.536 Thread 0x000002950c223470 Exception <a 'java/lang/NoSuchMethodError'{0x00000000f08ff588}: 'void java.lang.invoke.DirectMethodHandle$Holder.invokeStaticInit(java.lang.Object)'> (0x00000000f08ff588) 
thrown [s\src\hotspot\share\interpreter\linkResolver.cpp, line 773]
Event: 3.543 Thread 0x000002950c223470 Exception <a 'java/lang/NoSuchMethodError'{0x00000000f09b98e8}: 'java.lang.Object java.lang.invoke.DirectMethodHandle$Holder.newInvokeSpecial(java.lang.Object, java.lang.Object, java.lang.Object, int)'> (0x00000000f09b98e8) 
thrown [s\src\hotspot\share\interpreter\linkResolver.cpp, line 773]
Event: 3.543 Thread 0x000002950c223470 Exception <a 'java/lang/NoSuchMethodError'{0x00000000f09be050}: 'java.lang.Object java.lang.invoke.DirectMethodHandle$Holder.invokeSpecial(java.lang.Object, java.lang.Object, java.lang.Object, java.lang.Object, int)'> (0x00000000f09be050) 
thrown [s\src\hotspot\share\interpreter\linkResolver.cpp, line 773]
Event: 3.543 Thread 0x000002950c223470 Exception <a 'java/lang/NoSuchMethodError'{0x00000000f09c1f18}: 'java.lang.Object java.lang.invoke.Invokers$Holder.linkToTargetMethod(java.lang.Object, java.lang.Object, int, java.lang.Object)'> (0x00000000f09c1f18) 
thrown [s\src\hotspot\share\interpreter\linkResolver.cpp, line 773]
Event: 3.550 Thread 0x000002950c223470 Exception <a 'java/lang/NoSuchMethodError'{0x00000000f0a499f0}: 'java.lang.Object java.lang.invoke.DirectMethodHandle$Holder.invokeVirtual(java.lang.Object, java.lang.Object, java.lang.Object, java.lang.Object, java.lang.Object, java.lang.Object, java.lang.Object, java.lang.Object)'> (0x00000000f0a499f0) 
thrown [s\src\hotspot\share\interpreter\linkResolver.cpp, line 773]
Event: 3.599 Thread 0x000002950c223470 Exception <a 'java/lang/NoSuchMethodError'{0x00000000f0e31170}: 'int java.lang.invoke.DirectMethodHandle$Holder.invokeVirtual(java.lang.Object, java.lang.Object, java.lang.Object)'> (0x00000000f0e31170) 
thrown [s\src\hotspot\share\interpreter\linkResolver.cpp, line 773]
Event: 3.612 Thread 0x000002950c223470 Exception <a 'java/lang/NoSuchMethodError'{0x00000000f0f501b8}: 'int java.lang.invoke.DirectMethodHandle$Holder.invokeSpecialIFC(java.lang.Object, java.lang.Object, java.lang.Object, java.lang.Object)'> (0x00000000f0f501b8) 
thrown [s\src\hotspot\share\interpreter\linkResolver.cpp, line 773]
Event: 3.612 Thread 0x000002950c223470 Exception <a 'java/lang/NoSuchMethodError'{0x00000000f0f5d838}: 'java.lang.Object java.lang.invoke.DirectMethodHandle$Holder.invokeInterface(java.lang.Object, java.lang.Object, java.lang.Object)'> (0x00000000f0f5d838) 
thrown [s\src\hotspot\share\interpreter\linkResolver.cpp, line 773]
Event: 3.613 Thread 0x000002950c223470 Exception <a 'java/lang/IncompatibleClassChangeError'{0x00000000f0f611a0}: Found class java.lang.Object, but interface was expected> (0x00000000f0f611a0) 
thrown [s\src\hotspot\share\interpreter\linkResolver.cpp, line 840]
Event: 4.652 Thread 0x000002950c223470 Exception <a 'java/lang/NoSuchMethodError'{0x00000000f003c1f8}: 'int java.lang.invoke.DirectMethodHandle$Holder.invokeStatic(java.lang.Object, java.lang.Object, java.lang.Object, java.lang.Object)'> (0x00000000f003c1f8) 
thrown [s\src\hotspot\share\interpreter\linkResolver.cpp, line 773]
Event: 4.682 Thread 0x000002950c223470 Exception <a 'java/lang/NoSuchMethodError'{0x00000000f0287668}: 'java.lang.Object java.lang.invoke.DelegatingMethodHandle$Holder.reinvoke_L(java.lang.Object, java.lang.Object, java.lang.Object, java.lang.Object, java.lang.Object, java.lang.Object, java.lang.Object, java.lang.Object, java.lang.Object, java.lang.Object, java.lang.Object, java.lang.Object, java.lang.Object, java.lang.Object, java.lang.Object, java.lang.Object, java.lang.Object, java.lang.Object, java.lang.Object, java.lang.Object, java.lang.O
Event: 4.684 Thread 0x000002950c223470 Exception <a 'java/lang/NoSuchMethodError'{0x00000000f02e1c80}: 'java.lang.Object java.lang.invoke.DirectMethodHandle$Holder.invokeStatic(java.lang.Object, java.lang.Object, java.lang.Object, java.lang.Object, java.lang.Object, java.lang.Object, java.lang.Object, java.lang.Object, java.lang.Object, java.lang.Object, java.lang.Object, java.lang.Object, java.lang.Object, java.lang.Object, java.lang.Object)'> (0x00000000f02e1c80) 
thrown [s\src\hotspot\share\interpreter\linkResolver.cpp, line 773]
Event: 4.685 Thread 0x000002950c223470 Exception <a 'java/lang/NoSuchMethodError'{0x00000000f03067e8}: 'java.lang.Object java.lang.invoke.DirectMethodHandle$Holder.invokeStatic(java.lang.Object, java.lang.Object, java.lang.Object, java.lang.Object, java.lang.Object, java.lang.Object, java.lang.Object, java.lang.Object, java.lang.Object, java.lang.Object, java.lang.Object, java.lang.Object, java.lang.Object, java.lang.Object, java.lang.Object, java.lang.Object)'> (0x00000000f03067e8) 
thrown [s\src\hotspot\share\interpreter\linkResolver.cpp, lin
Event: 4.685 Thread 0x000002950c223470 Exception <a 'java/lang/NoSuchMethodError'{0x00000000f032e268}: 'java.lang.Object java.lang.invoke.DirectMethodHandle$Holder.invokeStatic(java.lang.Object, java.lang.Object, java.lang.Object, java.lang.Object, java.lang.Object, java.lang.Object, java.lang.Object, java.lang.Object, java.lang.Object, java.lang.Object, java.lang.Object, java.lang.Object, java.lang.Object, java.lang.Object, java.lang.Object, java.lang.Object, java.lang.Object)'> (0x00000000f032e268) 
thrown [s\src\hotspot\share\interpreter\lin
Event: 4.686 Thread 0x000002950c223470 Exception <a 'java/lang/NoSuchMethodError'{0x00000000f0357278}: 'java.lang.Object java.lang.invoke.DirectMethodHandle$Holder.invokeStatic(java.lang.Object, java.lang.Object, java.lang.Object, java.lang.Object, java.lang.Object, java.lang.Object, java.lang.Object, java.lang.Object, java.lang.Object, java.lang.Object, java.lang.Object, java.lang.Object, java.lang.Object, java.lang.Object, java.lang.Object, java.lang.Object, java.lang.Object, java.lang.Object)'> (0x00000000f0357278) 
thrown [s\src\hotspot\sha
Event: 4.687 Thread 0x000002950c223470 Exception <a 'java/lang/NoSuchMethodError'{0x00000000f0381558}: 'java.lang.Object java.lang.invoke.DirectMethodHandle$Holder.invokeStatic(java.lang.Object, java.lang.Object, java.lang.Object, java.lang.Object, java.lang.Object, java.lang.Object, java.lang.Object, java.lang.Object, java.lang.Object, java.lang.Object, java.lang.Object, java.lang.Object, java.lang.Object, java.lang.Object, java.lang.Object, java.lang.Object, java.lang.Object, java.lang.Object, java.lang.Object)'> (0x00000000f0381558) 
thrown 
Event: 4.688 Thread 0x000002950c223470 Exception <a 'java/lang/NoSuchMethodError'{0x00000000f03accc0}: 'java.lang.Object java.lang.invoke.DirectMethodHandle$Holder.invokeStatic(java.lang.Object, java.lang.Object, java.lang.Object, java.lang.Object, java.lang.Object, java.lang.Object, java.lang.Object, java.lang.Object, java.lang.Object, java.lang.Object, java.lang.Object, java.lang.Object, java.lang.Object, java.lang.Object, java.lang.Object, java.lang.Object, java.lang.Object, java.lang.Object, java.lang.Object, java.lang.Object)'> (0x00000000

ZGC Phase Switch (0 events):
No events

VM Operations (20 events):
Event: 2.113 Executing VM operation: HandshakeAllThreads (Deoptimize) done
Event: 2.145 Executing VM operation: GenCollectForAllocation (Allocation Failure)
Event: 2.150 Executing VM operation: GenCollectForAllocation (Allocation Failure) done
Event: 2.167 Executing VM operation: HandshakeAllThreads (Deoptimize)
Event: 2.167 Executing VM operation: HandshakeAllThreads (Deoptimize) done
Event: 2.219 Executing VM operation: HandshakeAllThreads (Deoptimize)
Event: 2.219 Executing VM operation: HandshakeAllThreads (Deoptimize) done
Event: 3.236 Executing VM operation: Cleanup
Event: 3.268 Executing VM operation: Cleanup done
Event: 3.416 Executing VM operation: GenCollectForAllocation (Allocation Failure)
Event: 3.421 Executing VM operation: GenCollectForAllocation (Allocation Failure) done
Event: 3.452 Executing VM operation: HandshakeAllThreads (Deoptimize)
Event: 3.452 Executing VM operation: HandshakeAllThreads (Deoptimize) done
Event: 3.542 Executing VM operation: HandshakeAllThreads (Deoptimize)
Event: 3.542 Executing VM operation: HandshakeAllThreads (Deoptimize) done
Event: 4.550 Executing VM operation: Cleanup
Event: 4.642 Executing VM operation: Cleanup done
Event: 4.644 Executing VM operation: GenCollectForAllocation (Allocation Failure)
Event: 4.649 Executing VM operation: GenCollectForAllocation (Allocation Failure) done
Event: 5.649 Executing VM operation: Cleanup

Memory protections (0 events):
No events

Nmethod flushes (0 events):
No events

Events (20 events):
Event: 0.020 Thread 0x0000029565e30cc0 Thread added: 0x0000029565ede000
Event: 0.044 Thread 0x0000029565e30cc0 Thread added: 0x000002957d5f9cc0
Event: 0.058 Thread 0x0000029565e30cc0 Thread added: 0x000002957d62fc50
Event: 0.133 Thread 0x0000029565ede000 Thread added: 0x000002957d6fdfe0
Event: 0.170 Thread 0x0000029565ed0ba0 Thread added: 0x000002957d76ab70
Event: 1.978 Thread 0x000002957d76ab70 Thread exited: 0x000002957d76ab70
Event: 1.978 Thread 0x000002957d6fdfe0 Thread exited: 0x000002957d6fdfe0
Event: 2.032 Thread 0x0000029565e30cc0 Thread added: 0x000002950c037280
Event: 2.145 Thread 0x0000029565e30cc0 Thread added: 0x000002957e5046e0
Event: 2.190 Thread 0x0000029565e30cc0 Thread added: 0x000002957ead7320
Event: 2.241 Thread 0x000002957e5046e0 Thread added: 0x000002957f02e360
Event: 2.242 Thread 0x000002957f02e360 Thread added: 0x000002957e688a40
Event: 3.281 Thread 0x000002957f02e360 Thread added: 0x000002950c222e10
Event: 3.285 Thread 0x000002957f02e360 Thread added: 0x000002950c223470
Event: 3.290 Thread 0x000002950c223470 Thread added: 0x000002950c47ecb0
Event: 3.291 Thread 0x000002950c223470 Thread added: 0x000002950c47f340
Event: 3.293 Thread 0x000002950c223470 Thread added: 0x000002950c47f9d0
Event: 3.542 Thread 0x000002950c223470 Thread added: 0x000002950c480060
Event: 3.547 Thread 0x000002950c223470 Thread added: 0x000002950c481aa0
Event: 3.565 Thread 0x000002950c223470 Thread added: 0x000002950c4806f0


Dynamic libraries:
0x00007ff730980000 - 0x00007ff73098e000 	C:\Users\ASUS\.jdks\corretto-21.0.9\bin\java.exe
0x00007ff91fe60000 - 0x00007ff9200c7000 	C:\WINDOWS\SYSTEM32\ntdll.dll
0x00007ff91ecd0000 - 0x00007ff91ed99000 	C:\WINDOWS\System32\KERNEL32.DLL
0x00007ff91d570000 - 0x00007ff91d961000 	C:\WINDOWS\System32\KERNELBASE.dll
0x00007ff91d970000 - 0x00007ff91dabb000 	C:\WINDOWS\System32\ucrtbase.dll
0x00007ff8cd740000 - 0x00007ff8cd758000 	C:\Users\ASUS\.jdks\corretto-21.0.9\bin\jli.dll
0x00007ff8c97c0000 - 0x00007ff8c97de000 	C:\Users\ASUS\.jdks\corretto-21.0.9\bin\VCRUNTIME140.dll
0x00007ff91dd00000 - 0x00007ff91dec5000 	C:\WINDOWS\System32\USER32.dll
0x00007ff8ffcd0000 - 0x00007ff8fff63000 	C:\WINDOWS\WinSxS\amd64_microsoft.windows.common-controls_6595b64144ccf1df_6.0.26100.8037_none_3e092faae333b53b\COMCTL32.dll
0x00007ff91cc10000 - 0x00007ff91cc37000 	C:\WINDOWS\System32\win32u.dll
0x00007ff91e760000 - 0x00007ff91e809000 	C:\WINDOWS\System32\msvcrt.dll
0x00007ff91eda0000 - 0x00007ff91edcb000 	C:\WINDOWS\System32\GDI32.dll
0x00007ff91cae0000 - 0x00007ff91cc0b000 	C:\WINDOWS\System32\gdi32full.dll
0x00007ff91c8b0000 - 0x00007ff91c953000 	C:\WINDOWS\System32\msvcp_win.dll
0x00007ff91e120000 - 0x00007ff91e151000 	C:\WINDOWS\System32\IMM32.DLL
0x00007ff90a4a0000 - 0x00007ff90a4ac000 	C:\Users\ASUS\.jdks\corretto-21.0.9\bin\vcruntime140_1.dll
0x00007ff89a660000 - 0x00007ff89a6e9000 	C:\Users\ASUS\.jdks\corretto-21.0.9\bin\msvcp140.dll
0x00007ff873700000 - 0x00007ff8744a7000 	C:\Users\ASUS\.jdks\corretto-21.0.9\bin\server\jvm.dll
0x00007ff91eb10000 - 0x00007ff91ebcb000 	C:\WINDOWS\System32\ADVAPI32.dll
0x00007ff91f160000 - 0x00007ff91f207000 	C:\WINDOWS\System32\sechost.dll
0x00007ff91e9f0000 - 0x00007ff91eb08000 	C:\WINDOWS\System32\RPCRT4.dll
0x00007ff91f210000 - 0x00007ff91f284000 	C:\WINDOWS\System32\WS2_32.dll
0x00007ff91b300000 - 0x00007ff91b35e000 	C:\WINDOWS\SYSTEM32\POWRPROF.dll
0x00007ff912fa0000 - 0x00007ff912fd5000 	C:\WINDOWS\SYSTEM32\WINMM.dll
0x00007ff914eb0000 - 0x00007ff914ebb000 	C:\WINDOWS\SYSTEM32\VERSION.dll
0x00007ff91b2e0000 - 0x00007ff91b2f4000 	C:\WINDOWS\SYSTEM32\UMPDC.dll
0x00007ff91b5b0000 - 0x00007ff91b5cb000 	C:\WINDOWS\SYSTEM32\kernel.appcore.dll
0x00007ff909f00000 - 0x00007ff909f0a000 	C:\Users\ASUS\.jdks\corretto-21.0.9\bin\jimage.dll
0x00007ff91a580000 - 0x00007ff91a7c2000 	C:\WINDOWS\SYSTEM32\DBGHELP.DLL
0x00007ff91edd0000 - 0x00007ff91f152000 	C:\WINDOWS\System32\combase.dll
0x00007ff91e810000 - 0x00007ff91e8e7000 	C:\WINDOWS\System32\OLEAUT32.dll
0x00007ff8f5740000 - 0x00007ff8f577b000 	C:\WINDOWS\SYSTEM32\dbgcore.DLL
0x00007ff91dac0000 - 0x00007ff91db65000 	C:\WINDOWS\System32\bcryptPrimitives.dll
0x00007ff8cd8d0000 - 0x00007ff8cd8e0000 	C:\Users\ASUS\.jdks\corretto-21.0.9\bin\instrument.dll
0x00007ff8c3730000 - 0x00007ff8c3751000 	C:\Users\ASUS\.jdks\corretto-21.0.9\bin\java.dll
0x00007ff91f430000 - 0x00007ff91fb8f000 	C:\WINDOWS\System32\SHELL32.dll
0x00007ff91c740000 - 0x00007ff91c8aa000 	C:\WINDOWS\System32\wintypes.dll
0x00007ff91cc40000 - 0x00007ff91d4a4000 	C:\WINDOWS\System32\windows.storage.dll
0x00007ff91ebd0000 - 0x00007ff91ecc7000 	C:\WINDOWS\System32\SHCORE.dll
0x00007ff91dc30000 - 0x00007ff91dc97000 	C:\WINDOWS\System32\shlwapi.dll
0x00007ff91c660000 - 0x00007ff91c689000 	C:\WINDOWS\SYSTEM32\profapi.dll
0x00007ff89a4d0000 - 0x00007ff89a5a7000 	C:\Users\ASUS\.jdks\corretto-21.0.9\bin\jsvml.dll
0x00007ff8c28f0000 - 0x00007ff8c2908000 	C:\Users\ASUS\.jdks\corretto-21.0.9\bin\zip.dll
0x00007ff8c96b0000 - 0x00007ff8c96c1000 	C:\Users\ASUS\.jdks\corretto-21.0.9\bin\net.dll
0x00007ff915c70000 - 0x00007ff915d97000 	C:\WINDOWS\SYSTEM32\WINHTTP.dll
0x00007ff91bb00000 - 0x00007ff91bb6b000 	C:\WINDOWS\system32\mswsock.dll
0x00007ff8c5520000 - 0x00007ff8c5536000 	C:\Users\ASUS\.jdks\corretto-21.0.9\bin\nio.dll
0x00007ff8d9b40000 - 0x00007ff8d9b50000 	C:\Users\ASUS\.jdks\corretto-21.0.9\bin\verify.dll
0x00007ff8c0980000 - 0x00007ff8c09a7000 	C:\Users\ASUS\.gradle\native\c067742578af261105cb4f569cf0c3c89f3d7b1fecec35dd04571415982c5e48\windows-amd64\native-platform.dll
0x00007ff898370000 - 0x00007ff8984b4000 	C:\Users\ASUS\.gradle\native\38dada09dfb8b06ba9b0570ebf7e218e3eb74d4ef43ca46872605cf95ebc2f47\windows-amd64\native-platform-file-events.dll
0x00007ff8ef050000 - 0x00007ff8ef05a000 	C:\Users\ASUS\.jdks\corretto-21.0.9\bin\management.dll
0x00007ff8eef20000 - 0x00007ff8eef2c000 	C:\Users\ASUS\.jdks\corretto-21.0.9\bin\management_ext.dll
0x00007ff91fc20000 - 0x00007ff91fc28000 	C:\WINDOWS\System32\PSAPI.DLL
0x00007ff91bf00000 - 0x00007ff91bf1b000 	C:\WINDOWS\SYSTEM32\CRYPTSP.dll
0x00007ff91b510000 - 0x00007ff91b549000 	C:\WINDOWS\system32\rsaenh.dll
0x00007ff91bbb0000 - 0x00007ff91bbe2000 	C:\WINDOWS\SYSTEM32\USERENV.dll
0x00007ff91c630000 - 0x00007ff91c65a000 	C:\WINDOWS\SYSTEM32\bcrypt.dll
0x00007ff91bd60000 - 0x00007ff91bd6c000 	C:\WINDOWS\SYSTEM32\CRYPTBASE.dll
0x00007ff91af40000 - 0x00007ff91af73000 	C:\WINDOWS\SYSTEM32\IPHLPAPI.DLL
0x00007ff91fd70000 - 0x00007ff91fd7a000 	C:\WINDOWS\System32\NSI.dll
0x00007ff8dfb50000 - 0x00007ff8dfb59000 	C:\Users\ASUS\.jdks\corretto-21.0.9\bin\extnet.dll
0x00007ff8cd730000 - 0x00007ff8cd73e000 	C:\Users\ASUS\.jdks\corretto-21.0.9\bin\sunmscapi.dll
0x00007ff91c960000 - 0x00007ff91cad7000 	C:\WINDOWS\System32\CRYPT32.dll
0x00007ff91c060000 - 0x00007ff91c090000 	C:\WINDOWS\SYSTEM32\ncrypt.dll
0x00007ff91c010000 - 0x00007ff91c04f000 	C:\WINDOWS\SYSTEM32\NTASN1.dll
0x00007ff8e5940000 - 0x00007ff8e5948000 	C:\WINDOWS\system32\wshunix.dll

JVMTI agents:
C:\Users\ASUS\.gradle\wrapper\dists\gradle-8.7-bin\bhs2wmbdwecv87pi65oeuq5iu\gradle-8.7\lib\agents\gradle-instrumentation-agent-8.7.jar path:C:\Users\ASUS\.jdks\corretto-21.0.9\bin\instrument.dll, loaded, initialized, instrumentlib options:none

dbghelp: loaded successfully - version: 4.0.5 - missing functions: none
symbol engine: initialized successfully - sym options: 0x614 - pdb path: .;C:\Users\ASUS\.jdks\corretto-21.0.9\bin;C:\WINDOWS\SYSTEM32;C:\WINDOWS\WinSxS\amd64_microsoft.windows.common-controls_6595b64144ccf1df_6.0.26100.8037_none_3e092faae333b53b;C:\Users\ASUS\.jdks\corretto-21.0.9\bin\server;C:\Users\ASUS\.gradle\native\c067742578af261105cb4f569cf0c3c89f3d7b1fecec35dd04571415982c5e48\windows-amd64;C:\Users\ASUS\.gradle\native\38dada09dfb8b06ba9b0570ebf7e218e3eb74d4ef43ca46872605cf95ebc2f47\windows-amd64

VM Arguments:
jvm_args: -XX:+UseSerialGC -XX:MaxMetaspaceSize=128m --add-opens=java.base/java.util=ALL-UNNAMED --add-opens=java.base/java.lang=ALL-UNNAMED --add-opens=java.base/java.lang.invoke=ALL-UNNAMED --add-opens=java.prefs/java.util.prefs=ALL-UNNAMED --add-opens=java.base/java.nio.charset=ALL-UNNAMED --add-opens=java.base/java.net=ALL-UNNAMED --add-opens=java.base/java.util.concurrent.atomic=ALL-UNNAMED -Xms64m -Xmx256m -Dfile.encoding=UTF-8 -Duser.country=PE -Duser.language=es -Duser.variant -javaagent:C:\Users\ASUS\.gradle\wrapper\dists\gradle-8.7-bin\bhs2wmbdwecv87pi65oeuq5iu\gradle-8.7\lib\agents\gradle-instrumentation-agent-8.7.jar 
java_command: org.gradle.launcher.daemon.bootstrap.GradleDaemon 8.7
java_class_path (initial): C:\Users\ASUS\.gradle\wrapper\dists\gradle-8.7-bin\bhs2wmbdwecv87pi65oeuq5iu\gradle-8.7\lib\gradle-launcher-8.7.jar
Launcher Type: SUN_STANDARD

[Global flags]
     intx CICompilerCount                          = 4                                         {product} {ergonomic}
   size_t CompressedClassSpaceSize                 = 117440512                                 {product} {ergonomic}
   size_t InitialHeapSize                          = 67108864                                  {product} {command line}
   size_t MaxHeapSize                              = 268435456                                 {product} {command line}
   size_t MaxMetaspaceSize                         = 134217728                                 {product} {command line}
   size_t MaxNewSize                               = 89456640                                  {product} {ergonomic}
   size_t MinHeapDeltaBytes                        = 196608                                    {product} {ergonomic}
   size_t MinHeapSize                              = 67108864                                  {product} {command line}
   size_t NewSize                                  = 22347776                                  {product} {ergonomic}
    uintx NonNMethodCodeHeapSize                   = 5839372                                {pd product} {ergonomic}
    uintx NonProfiledCodeHeapSize                  = 122909434                              {pd product} {ergonomic}
   size_t OldSize                                  = 44761088                                  {product} {ergonomic}
    uintx ProfiledCodeHeapSize                     = 122909434                              {pd product} {ergonomic}
    uintx ReservedCodeCacheSize                    = 251658240                              {pd product} {ergonomic}
     bool SegmentedCodeCache                       = true                                      {product} {ergonomic}
   size_t SoftMaxHeapSize                          = 268435456                              {manageable} {ergonomic}
     bool UseCompressedOops                        = true                           {product lp64_product} {ergonomic}
     bool UseLargePagesIndividualAllocation        = false                                  {pd product} {ergonomic}
     bool UseSerialGC                              = true                                      {product} {command line}

Logging:
Log output configuration:
 #0: stdout all=warning uptime,level,tags foldmultilines=false
 #1: stderr all=off uptime,level,tags foldmultilines=false

Release file:
IMPLEMENTOR="Amazon.com Inc." 
IMPLEMENTOR_VERSION="Corretto-21.0.9.10.1" 
JAVA_RUNTIME_VERSION="21.0.9+10-LTS" 
JAVA_VERSION="21.0.9" 
JAVA_VERSION_DATE="2025-10-21" 
LIBC="default" 
MODULES="java.base java.compiler java.datatransfer java.xml java.prefs java.desktop java.instrument java.logging java.management java.security.sasl java.naming java.rmi java.management.rmi java.net.http java.scripting java.security.jgss java.transaction.xa java.sql java.sql.rowset java.xml.crypto java.se java.smartcardio jdk.accessibility jdk.internal.jvmstat jdk.attach jdk.charsets jdk.internal.opt jdk.zipfs jdk.compiler jdk.crypto.ec jdk.crypto.cryptoki jdk.crypto.mscapi jdk.dynalink jdk.internal.ed jdk.editpad jdk.hotspot.agent jdk.httpserver jdk.incubator.vector jdk.internal.le jdk.internal.vm.ci jdk.internal.vm.compiler jdk.internal.vm.compiler.management jdk.jartool jdk.javadoc jdk.jcmd jdk.management jdk.management.agent jdk.jconsole jdk.jdeps jdk.jdwp.agent jdk.jdi jdk.jfr jdk.jlink jdk.jpackage jdk.jshell jdk.jsobject jdk.jstatd jdk.localedata jdk.management.jfr jdk.naming.dns jdk.naming.rmi jdk.net jdk.nio.mapmode jdk.random jdk.sctp jdk.security.auth jdk.security.jgss jdk.unsupported jdk.unsupported.desktop jdk.xml.dom" 
OS_ARCH="x86_64" 
OS_NAME="Windows" 
SOURCE="" 

Environment Variables:
JAVA_HOME=C:\Users\ASUS\.jdks\corretto-21.0.9
PATH=C:\Users\ASUS\miniconda3\condabin;C:\Program Files\NVIDIA GPU Computing Toolkit\CUDA\v12.2\bin;C:\Program Files\NVIDIA GPU Computing Toolkit\CUDA\v12.2\libnvvp;;C:\Program Files\Microsoft MPI\Bin\;C:\Program Files (x86)\Common Files\Oracle\Java\javapath;C:\Windows\system32;C:\Windows;C:\Windows\System32\Wbem;C:\Windows\System32\WindowsPowerShell\v1.0\;C:\Windows\System32\OpenSSH\;C:\Program Files\NVIDIA Corporation\NVIDIA NvDLISR;C:\WINDOWS\system32;C:\WINDOWS;C:\WINDOWS\System32\Wbem;C:\WINDOWS\System32\WindowsPowerShell\v1.0\;C:\WINDOWS\System32\OpenSSH\;C:\Program Files (x86)\NVIDIA Corporation\PhysX\Common;C:\Program Files\dotnet\;C:\Program Files\Microsoft SQL Server\Client SDK\ODBC\170\Tools\Binn\;C:\Program Files\Git\cmd;C:\Program Files (x86)\Microsoft SQL Server\160\Tools\Binn\;C:\Program Files\Microsoft SQL Server\160\Tools\Binn\;C:\Program Files\Microsoft SQL Server\160\DTS\Binn\;C:\Program Files (x86)\Microsoft SQL Server\160\DTS\Binn\;C:\www\php84;C:\ProgramData\chocolatey\bin;C:\Program Files\Calibre2\;C:\Users\ASUS\miniconda3;C:\Users\ASUS\miniconda3\Scripts;C:\Users\ASUS\miniconda3\Library\bin;C:\Program Files\nodejs\;C:\Program Files\NVIDIA Corporation\Nsight Compute 2023.2.0\;C:\Users\ASUS\AppData\Local\Programs\Python\Python313\Scripts\;C:\Users\ASUS\AppData\Local\Programs\Python\Python313\;C:\Users\ASUS\AppData\Local\Programs\Python\Launcher\;C:\Users\ASUS\AppData\Local\Microsoft\WindowsApps;C:\Users\ASUS\.dotnet\tools;C:\Users\ASUS\AppData\Local\Programs\Microsoft VS Code\bin;C:\Users\ASUS\AppData\Roaming\npm;C:\Program Files\JetBrains\IntelliJ IDEA 2025.2.5\bin;C:\Users\ASUS\.jdks\corretto-21.0.9\bin;%M2_HOME%\bin;C:\Maven\apache-maven-3.9.12\bin;
USERNAME=ASUS
TERM=xterm
OS=Windows_NT
PROCESSOR_IDENTIFIER=Intel64 Family 6 Model 154 Stepping 3, GenuineIntel
TMP=C:\Users\ASUS\AppData\Local\Temp
TEMP=C:\Users\ASUS\AppData\Local\Temp




Periodic native trim disabled

---------------  S Y S T E M  ---------------

OS:
 Windows 11 , 64 bit Build 26100 (10.0.26100.7920)
OS uptime: 1 days 20:14 hours
Hyper-V role detected

CPU: total 12 (initial active 12) (6 cores per cpu, 2 threads per core) family 6 model 154 stepping 3 microcode 0x429, cx8, cmov, fxsr, ht, mmx, 3dnowpref, sse, sse2, sse3, ssse3, sse4.1, sse4.2, popcnt, lzcnt, tsc, tscinvbit, avx, avx2, aes, erms, clmul, bmi1, bmi2, adx, sha, fma, vzeroupper, clflush, clflushopt, clwb, hv, serialize, rdtscp, rdpid, fsrm, f16c, cet_ibt, cet_ss
Processor Information for the first 12 processors :
  Max Mhz: 2000, Current Mhz: 2000, Mhz Limit: 2000

Memory: 4k page, system-wide physical 16005M (1718M free)
TotalPageFile size 28293M (AvailPageFile size 4M)
current process WorkingSet (physical memory assigned to process): 127M, peak: 130M
current process commit charge ("private bytes"): 143M, peak: 147M

vm_info: OpenJDK 64-Bit Server VM (21.0.9+10-LTS) for windows-amd64 JRE (21.0.9+10-LTS), built on 2025-10-16T09:41:28Z by "Administrator" with unknown MS VC++:1944

END.
